=== Simulation started at 2026-02-14 07:00 JST ===
[Day 1  07:25] idle     — fidget: She picks up something from the shelf and turns it o
[Day 1  07:42] idle     — fidget: She turns a page.
[Day 1  08:20] idle     — fidget: She takes a sip of tea.
[Day 1  08:28] idle     — fidget: Her fingers trail along the shelf edge.
[Day 1  08:30] idle     — fidget: She holds something up to the light, studying it.
[Day 1  08:44] idle     — fidget: She glances toward the window.
[Day 1  08:49] idle     — fidget: She turns a page.
[Day 1  08:56] idle     — fidget: Her fingers trail along the shelf edge.
[Day 1  09:11] idle     — fidget: She takes a sip of tea.
[Day 1  09:18] idle     — fidget: Her fingers trail along the shelf edge.
[Day 1  09:37] idle     — fidget: She picks up something from the shelf and turns it o
[Day 1  09:40] idle     — fidget: She holds something up to the light, studying it.
[Day 1  09:45] idle     — fidget: She adjusts her glasses.
[Day 1  09:50] idle     — fidget: She turns a page.
[Day 1  10:02] idle     — fidget: She takes a sip of tea.
[Day 1  10:12] idle     — fidget: She glances toward the window.
[Day 1  10:14] idle     — fidget: She holds something up to the light, studying it.
[Day 1  10:17] idle     — fidget: She adjusts her glasses.
[Day 1  10:27] idle     — fidget: She picks up something from the shelf and turns it o
[Day 1  10:33] idle     — fidget: She adjusts her glasses.
[Day 1  10:40] idle     — fidget: She turns a page.
[Day 1  10:43] idle     — fidget: She takes a sip of tea.
[Day 1  11:02] idle     — fidget: She adjusts her glasses.
[Day 1  11:07] idle     — fidget: Her fingers trail along the shelf edge.
[Day 1  11:19] idle     — fidget: She glances toward the window.
[Day 1  11:26] idle     — fidget: She adjusts her glasses.
[Day 1  11:36] idle     — fidget: She turns a page.
[Day 1  11:42] idle     — fidget: She picks up something from the shelf and turns it o
[Day 1  11:49] idle     — fidget: She holds something up to the light, studying it.
[Day 1  11:54] idle     — fidget: She picks up something from the shelf and turns it o
[Day 1  12:04] idle     — fidget: She glances toward the window.
[Day 1  12:12] idle     — fidget: She adjusts her glasses.
[Day 1  12:28] idle     — fidget: She holds something up to the light, studying it.
[Day 1  12:44] idle     — fidget: She turns a page.
[Day 1  12:55] idle     — fidget: She takes a sip of tea.
[Day 1  13:04] idle     — fidget: She picks up something from the shelf and turns it o
[Day 1  13:23] idle     — fidget: Her fingers trail along the shelf edge.
[Day 1  13:32] idle     — fidget: She picks up something from the shelf and turns it o
[Day 1  13:42] idle     — fidget: Her fingers trail along the shelf edge.
[Day 1  13:51] idle     — fidget: She adjusts her glasses.
[Day 1  14:00] idle     — fidget: Her fingers trail along the shelf edge.
[Day 1  14:19] idle     — fidget: She glances toward the window.
[Day 1  14:51] idle     — fidget: She takes a sip of tea.
[Day 1  15:02] idle     — fidget: She glances toward the window.
[Day 1  15:08] idle     — fidget: She adjusts her glasses.
[Day 1  15:17] idle     — fidget: She holds something up to the light, studying it.
[Day 1  15:26] idle     — fidget: She picks up something from the shelf and turns it o
[Day 1  15:34] idle     — fidget: She turns a page.
[Day 1  15:44] idle     — fidget: She picks up something from the shelf and turns it o
[Day 1  15:53] idle     — fidget: She adjusts her glasses.
[Day 1  16:06] idle     — fidget: She picks up something from the shelf and turns it o
[Day 1  16:19] idle     — fidget: She holds something up to the light, studying it.
[Day 1  16:38] idle     — fidget: She adjusts her glasses.
[Day 1  16:52] idle     — fidget: She takes a sip of tea.
[Day 1  16:57] idle     — fidget: Her fingers trail along the shelf edge.
[Day 1  17:05] idle     — fidget: She takes a sip of tea.
[Day 1  17:12] idle     — fidget: She adjusts her glasses.
[Day 1  17:14] idle     — fidget: She takes a sip of tea.
[Day 1  17:17] idle     — fidget: She picks up something from the shelf and turns it o
[Day 1  17:42] idle     — fidget: She holds something up to the light, studying it.
[Day 1  17:46] idle     — fidget: She adjusts her glasses.
[Day 1  17:55] idle     — fidget: She picks up something from the shelf and turns it o
[Day 1  18:04] idle     — fidget: She turns a page.
[Day 1  18:07] idle     — fidget: Her fingers trail along the shelf edge.
[Day 1  18:16] idle     — fidget: She takes a sip of tea.
[Day 1  18:26] idle     — fidget: She glances toward the window.
[Day 1  18:45] idle     — fidget: She turns a page.
[Day 1  18:58] idle     — fidget: She holds something up to the light, studying it.
[Day 1  19:11] idle     — fidget: She glances toward the window.
[Day 1  19:19] idle     — fidget: She takes a sip of tea.
[Day 1  19:28] idle     — fidget: She adjusts her glasses.
[Day 1  19:40] idle     — fidget: She glances toward the window.
[Day 1  19:51] idle     — fidget: She picks up something from the shelf and turns it o
[Day 1  20:04] idle     — fidget: She takes a sip of tea.
[Day 1  20:08] idle     — fidget: She adjusts her glasses.
[Day 1  20:18] idle     — fidget: She holds something up to the light, studying it.
[Day 1  20:36] idle     — fidget: She adjusts her glasses.
[Day 1  20:46] idle     — fidget: She picks up something from the shelf and turns it o
[Day 1  20:56] idle     — fidget: She adjusts her glasses.
[Day 1  21:03] idle     — fidget: Her fingers trail along the shelf edge.
[Day 1  21:12] idle     — fidget: She glances toward the window.
[Day 1  21:33] idle     — fidget: She turns a page.
[Day 1  21:43] idle     — fidget: She adjusts her glasses.
[Day 1  21:52] idle     — fidget: She holds something up to the light, studying it.
[Day 1  21:59] idle     — fidget: She picks up something from the shelf and turns it o
[Day 1  22:03] idle     — fidget: She adjusts her glasses.
[Day 1  22:18] idle     — fidget: She picks up something from the shelf and turns it o
[Day 1  22:23] idle     — fidget: She adjusts her glasses.
[Day 1  22:35] idle     — fidget: She turns a page.
[Day 1  22:54] idle     — fidget: She holds something up to the light, studying it.
[Day 1  23:08] idle     — fidget: She takes a sip of tea.
[Day 1  23:48] idle     — fidget: She turns a page.
[Day 1  23:59] idle     — fidget: She adjusts her glasses.
[Day 1  00:02] idle     — fidget: Her fingers trail along the shelf edge.
[Day 1  00:10] idle     — fidget: She takes a sip of tea.
[Day 1  00:16] idle     — fidget: She glances toward the window.
[Day 1  00:20] idle     — fidget: Her fingers trail along the shelf edge.
[Day 1  00:30] idle     — fidget: She picks up something from the shelf and turns it o
[Day 1  00:34] idle     — fidget: She adjusts her glasses.
[Day 1  00:52] idle     — fidget: Her fingers trail along the shelf edge.
[Day 1  00:59] idle     — fidget: She turns a page.
[Day 1  01:13] idle     — fidget: She picks up something from the shelf and turns it o
[Day 1  01:22] idle     — fidget: She adjusts her glasses.
[Day 1  01:25] idle     — fidget: She glances toward the window.
[Day 1  01:28] idle     — fidget: Her fingers trail along the shelf edge.
[Day 1  01:43] idle     — fidget: She holds something up to the light, studying it.
[Day 1  01:51] idle     — fidget: Her fingers trail along the shelf edge.
[Day 1  01:54] idle     — fidget: She turns a page.
[Day 1  02:00] idle     — fidget: She takes a sip of tea.
[Day 1  02:04] idle     — fidget: She turns a page.
[Day 1  02:10] idle     — fidget: She holds something up to the light, studying it.
[Day 1  02:18] idle     — fidget: Her fingers trail along the shelf edge.
[Day 1  02:29] idle     — fidget: She holds something up to the light, studying it.
[Day 1  02:32] idle     — fidget: She picks up something from the shelf and turns it o
[Day 1  02:54] idle     — fidget: She glances toward the window.
[Day 1  02:57] idle     — fidget: She takes a sip of tea.
[Day 1  03:05] SLEEP    — 0 moments consolidated
[Day 1  06:05] WAKE     — new day begins
[Day 1  06:05] idle     — fidget: She turns a page.
[Day 1  06:14] idle     — fidget: She adjusts her glasses.
[Day 1  06:25] idle     — fidget: She picks up something from the shelf and turns it o
[Day 1  06:30] idle     — fidget: She adjusts her glasses.
[Day 1  06:57] idle     — fidget: She glances toward the window.

=== Simulation Complete ===
  Total cycles: 121
  Days simulated: 1
  Journal entries: 2
  Cycle log entries: 0
  DB path: data/sim/sim_20260214_070000_7a9c66d6.db
  Log path: data/sim/timeline_20260214_070000_7a9c66d6.log

