=== Simulation started at 2026-02-14 07:00 JST ===
[Day 1  07:00] idle     — fidget: She takes a sip of tea.
[Day 1  07:07] idle     — fidget: Her fingers trail along the shelf edge.
[Day 1  07:17] idle     — fidget: She picks up something from the shelf and turns it o
[Day 1  07:19] idle     — fidget: She adjusts her glasses.
[Day 1  07:26] idle     — fidget: Her fingers trail along the shelf edge.
[Day 1  07:39] idle     — fidget: She adjusts her glasses.
[Day 1  07:42] idle     — fidget: Her fingers trail along the shelf edge.
[Day 1  07:47] idle     — fidget: She holds something up to the light, studying it.
[Day 1  08:01] idle     — fidget: Her fingers trail along the shelf edge.
[Day 1  08:04] idle     — fidget: She holds something up to the light, studying it.
[Day 1  08:10] idle     — fidget: She picks up something from the shelf and turns it o
[Day 1  08:16] idle     — fidget: She glances toward the window.
[Day 1  08:28] idle     — fidget: She adjusts her glasses.
[Day 1  08:37] idle     — fidget: Her fingers trail along the shelf edge.
[Day 1  08:51] idle     — fidget: She takes a sip of tea.
[Day 1  08:58] idle     — fidget: She adjusts her glasses.
[Day 1  09:04] idle     — fidget: Her fingers trail along the shelf edge.
[Day 1  09:31] idle     — fidget: She holds something up to the light, studying it.
[Day 1  09:40] idle     — fidget: She adjusts her glasses.
[Day 1  09:49] idle     — fidget: She takes a sip of tea.
[Day 1  09:57] idle     — fidget: She holds something up to the light, studying it.
[Day 1  10:08] idle     — fidget: She takes a sip of tea.
[Day 1  10:16] idle     — fidget: She holds something up to the light, studying it.
[Day 1  10:34] idle     — fidget: She glances toward the window.
[Day 1  10:57] idle     — fidget: She takes a sip of tea.
[Day 1  11:10] idle     — fidget: She picks up something from the shelf and turns it o
[Day 1  11:14] idle     — fidget: She glances toward the window.
[Day 1  11:21] idle     — fidget: She takes a sip of tea.
[Day 1  11:38] idle     — fidget: She holds something up to the light, studying it.
[Day 1  11:45] idle     — fidget: She picks up something from the shelf and turns it o
[Day 1  11:49] idle     — fidget: She adjusts her glasses.
[Day 1  12:26] idle     — fidget: She takes a sip of tea.
[Day 1  12:33] idle     — fidget: She picks up something from the shelf and turns it o
[Day 1  12:42] idle     — fidget: She takes a sip of tea.
[Day 1  13:02] idle     — fidget: Her fingers trail along the shelf edge.
[Day 1  13:41] idle     — fidget: She picks up something from the shelf and turns it o
[Day 1  13:55] idle     — fidget: She adjusts her glasses.
[Day 1  14:14] idle     — fidget: Her fingers trail along the shelf edge.
[Day 1  14:27] idle     — fidget: She glances toward the window.
[Day 1  14:35] idle     — fidget: She turns a page.
[Day 1  14:54] idle     — fidget: She picks up something from the shelf and turns it o
[Day 1  14:57] idle     — fidget: She holds something up to the light, studying it.
[Day 1  15:11] idle     — fidget: She takes a sip of tea.
[Day 1  15:19] idle     — fidget: She adjusts her glasses.
[Day 1  15:31] idle     — fidget: She holds something up to the light, studying it.
[Day 1  15:46] idle     — fidget: She glances toward the window.
[Day 1  16:19] idle     — fidget: She adjusts her glasses.
[Day 1  16:34] idle     — fidget: She holds something up to the light, studying it.
[Day 1  16:36] idle     — fidget: She turns a page.
[Day 1  16:42] idle     — fidget: She adjusts her glasses.
[Day 1  16:52] idle     — fidget: Her fingers trail along the shelf edge.
[Day 1  16:55] idle     — fidget: She takes a sip of tea.
[Day 1  17:12] idle     — fidget: She picks up something from the shelf and turns it o
[Day 1  17:19] idle     — fidget: She holds something up to the light, studying it.
[Day 1  17:42] idle     — fidget: She takes a sip of tea.
[Day 1  17:49] idle     — fidget: She adjusts her glasses.
[Day 1  17:54] idle     — fidget: Her fingers trail along the shelf edge.
[Day 1  17:57] idle     — fidget: She holds something up to the light, studying it.
[Day 1  18:09] idle     — fidget: She glances toward the window.
[Day 1  18:26] idle     — fidget: Her fingers trail along the shelf edge.
[Day 1  18:31] idle     — fidget: She picks up something from the shelf and turns it o
[Day 1  18:36] idle     — fidget: She holds something up to the light, studying it.
[Day 1  19:15] idle     — fidget: She takes a sip of tea.
[Day 1  19:34] idle     — fidget: Her fingers trail along the shelf edge.
[Day 1  19:48] idle     — fidget: She picks up something from the shelf and turns it o
[Day 1  20:02] idle     — fidget: She adjusts her glasses.
[Day 1  20:08] idle     — fidget: She glances toward the window.
[Day 1  20:13] idle     — fidget: She turns a page.
[Day 1  20:26] idle     — fidget: She takes a sip of tea.
[Day 1  20:41] idle     — fidget: She adjusts her glasses.
[Day 1  20:48] idle     — fidget: She holds something up to the light, studying it.
[Day 1  20:56] idle     — fidget: She adjusts her glasses.
[Day 1  21:05] idle     — fidget: She picks up something from the shelf and turns it o
[Day 1  21:15] idle     — fidget: Her fingers trail along the shelf edge.
[Day 1  21:24] idle     — fidget: She picks up something from the shelf and turns it o
[Day 1  21:26] idle     — fidget: She glances toward the window.
[Day 1  21:31] idle     — fidget: Her fingers trail along the shelf edge.
[Day 1  21:35] idle     — fidget: She takes a sip of tea.
[Day 1  21:42] idle     — fidget: She adjusts her glasses.
[Day 1  21:48] idle     — fidget: She holds something up to the light, studying it.
[Day 1  22:09] idle     — fidget: Her fingers trail along the shelf edge.
[Day 1  22:13] idle     — fidget: She takes a sip of tea.
[Day 1  22:17] idle     — fidget: She holds something up to the light, studying it.
[Day 1  22:32] idle     — fidget: She glances toward the window.
[Day 1  22:39] idle     — fidget: She picks up something from the shelf and turns it o
[Day 1  22:48] idle     — fidget: She holds something up to the light, studying it.
[Day 1  22:57] idle     — fidget: She turns a page.
[Day 1  23:32] idle     — fidget: She takes a sip of tea.
[Day 1  00:14] idle     — fidget: She picks up something from the shelf and turns it o
[Day 1  00:28] idle     — fidget: She takes a sip of tea.
[Day 1  00:41] idle     — fidget: She holds something up to the light, studying it.
[Day 1  00:52] idle     — fidget: She takes a sip of tea.
[Day 1  01:02] idle     — fidget: She adjusts her glasses.
[Day 1  01:05] idle     — fidget: She takes a sip of tea.
[Day 1  01:23] idle     — fidget: Her fingers trail along the shelf edge.
[Day 1  01:39] idle     — fidget: She picks up something from the shelf and turns it o
[Day 1  01:50] idle     — fidget: She takes a sip of tea.
[Day 1  01:54] idle     — fidget: She adjusts her glasses.
[Day 1  02:15] idle     — fidget: She holds something up to the light, studying it.
[Day 1  02:24] idle     — fidget: She adjusts her glasses.
[Day 1  02:37] idle     — fidget: She takes a sip of tea.
[Day 1  02:51] idle     — fidget: Her fingers trail along the shelf edge.
[Day 1  02:54] idle     — fidget: She adjusts her glasses.
[Day 1  03:04] SLEEP    — 0 moments consolidated
[Day 1  06:04] WAKE     — new day begins
[Day 1  06:04] idle     — fidget: She turns a page.
[Day 1  06:36] idle     — fidget: Her fingers trail along the shelf edge.
[Day 1  06:42] idle     — fidget: She adjusts her glasses.
[Day 1  06:59] idle     — fidget: Her fingers trail along the shelf edge.

=== Simulation Complete ===
  Total cycles: 107
  Days simulated: 1
  Journal entries: 2
  Cycle log entries: 0
  DB path: data/sim/sim_20260214_070000_809c428f.db
  Log path: data/sim/timeline_20260214_070000_809c428f.log

