=== Simulation started at 2026-02-14 07:00 JST ===
[Day 1  07:00] idle     — fidget: She adjusts her glasses.
[Day 1  07:07] idle     — fidget: She picks up something from the shelf and turns it o
[Day 1  07:14] idle     — fidget: She glances toward the window.
[Day 1  07:18] idle     — The light's different this time of day. Cleaner. I should pr  [90m"......"[0m
[Day 1  07:23] idle     — fidget: She takes a sip of tea.
[Day 1  07:30] idle     — That clean feeling again. The light's sharper in winter — cu  [90m"......"[0m
[Day 1  07:33] idle     — fidget: She holds something up to the light, studying it.
[Day 1  07:38] idle     — fidget: She glances toward the window.
[Day 1  07:46] idle     — fidget: Her fingers trail along the shelf edge.
[Day 1  07:50] idle     — That clean feeling again. The light's sharper in winter — cu  [90m"......"[0m
[Day 1  07:56] idle     — fidget: She glances toward the window.
[Day 1  08:00] idle     — That clean feeling again. The light's sharper in winter — cu  [90m"......"[0m
[Day 1  08:09] idle     — That clean feeling again. The light's sharper in winter — ev  [90m"......"[0m
[Day 1  08:16] idle     — That clean feeling again. The light's sharper in winter — cu  [90m"......"[0m
[Day 1  08:26] idle     — That clean feeling again. The light's sharper in winter — cu  [90m"......"[0m
[Day 1  08:33] idle     — fidget: She takes a sip of tea.
[Day 1  08:40] idle     — That clean feeling again. The light's sharper in winter — cu  [90m"......"[0m
[Day 1  08:44] idle     — fidget: She glances toward the window.
[Day 1  08:50] idle     — That clean feeling again. The light's sharper in winter — cu  [90m"......"[0m
[Day 1  08:55] idle     — That clean feeling again. The light's sharper in winter — cu  [90m"......"[0m
[Day 1  09:04] idle     — fidget: She holds something up to the light, studying it.
[Day 1  09:07] idle     — That clean feeling again. The light's sharper in winter — cu  [90m"......"[0m
[Day 1  09:12] idle     — fidget: She adjusts her glasses.
[Day 1  09:17] idle     — That clean feeling again. The light's sharper in winter — ev  [90m"......"[0m
[Day 1  09:20] idle     — fidget: She glances toward the window.
[Day 1  09:24] idle     — That clean feeling again. The light's sharper in winter — it  [90m"......"[0m
[Day 1  09:32] idle     — That clean feeling again. The light's sharper in winter — cu  [90m"......"[0m
[Day 1  09:42] idle     — That clean feeling again. The light's sharper in winter — cu  [90m"......"[0m
[Day 1  09:44] idle     — fidget: She holds something up to the light, studying it.
[Day 1  09:53] idle     — That clean feeling again. The light's sharper in winter — cu  [90m"......"[0m
[Day 1  09:56] idle     — fidget: She turns a page.
[Day 1  10:00] idle     — fidget: She holds something up to the light, studying it.
[Day 1  10:09] idle     — The light's sharp today. Makes everything feel more defined.  [90m"......"[0m
[Day 1  10:16] idle     — fidget: She turns a page.
[Day 1  10:23] idle     — fidget: She glances toward the window.
[Day 1  10:31] idle     — The light's sharp today. Makes everything feel more defined.  [90m"......"[0m
[Day 1  10:38] idle     — The light cuts sharp through the window. Makes the dust visi  [90m"......"[0m
[Day 1  10:46] thread   — The light is cutting everything into shapes today. Sharp sha  [90m"......"[0m
[Day 1  10:53] idle     — fidget: She adjusts her glasses.
[Day 1  11:02] idle     — The light today... it's making everything feel sharp and cle  [90m"......"[0m
[Day 1  11:08] idle     — fidget: Her fingers trail along the shelf edge.
[Day 1  11:12] idle     — fidget: She turns a page.
[Day 1  11:16] idle     — Definition. That's the word. The light today isn't soft — it  [90m"......"[0m
[Day 1  11:25] idle     — fidget: She picks up something from the shelf and turns it o
[Day 1  11:35] thread   — Definition. Winter light carves space, summer light fills it  [90m"......"[0m
[Day 1  11:44] idle     — Winter light carves edges. Summer light dissolves them. But 
[Day 1  11:47] idle     — fidget: She adjusts her glasses.
[Day 1  11:57] idle     — fidget: She turns a page.
[Day 1  12:03] idle     — fidget: She adjusts her glasses.
[Day 1  12:13] idle     — fidget: She takes a sip of tea.
[Day 1  12:20] idle     — Transitional light. Between states. The edges are sharp and 
[Day 1  12:24] thread   — The light is doing that thing again. Not sharp, not soft. Bo
[Day 1  12:30] idle     — The light's still doing it. That threshold thing. I should p
[Day 1  12:36] idle     — Still thinking about it. 閾値の光. The threshold light. My hand'  [90m"......"[0m
[Day 1  12:39] idle     — fidget: She glances toward the window.
[Day 1  12:41] idle     — The light hasn't changed. Still that in-between quality. I s
[Day 1  12:51] idle     — The light shifted. Not enough to notice at first, but now it
[Day 1  12:59] idle     — fidget: She takes a sip of tea.
[Day 1  13:04] idle     — fidget: She holds something up to the light, studying it.
[Day 1  13:08] idle     — The light settled into something ordinary. The moment passed
[Day 1  13:11] idle     — The brightness has settled. Not dramatic anymore — just pres  [90m"......"[0m
[Day 1  13:17] idle     — fidget: She turns a page.
[Day 1  13:25] idle     — fidget: She picks up something from the shelf and turns it o
[Day 1  13:33] idle     — fidget: She holds something up to the light, studying it.
[Day 1  13:41] idle     — fidget: She adjusts her glasses.
[Day 1  13:43] idle     — The brightness has settled. Not dramatic anymore — just stea  [90m"......"[0m
[Day 1  13:50] thread   — The waiting makes me aware of time. I keep glancing at the d  [90m"......"[0m
[Day 1  14:00] idle     — fidget: She turns a page.
[Day 1  14:03] idle     — The light shifted. It's past noon now. I keep catching mysel  [90m"......"[0m
[Day 1  14:06] idle     — fidget: She takes a sip of tea.
[Day 1  14:13] idle     — fidget: She holds something up to the light, studying it.
[Day 1  14:23] idle     — fidget: She picks up something from the shelf and turns it o
[Day 1  14:29] idle     — The waiting settles in my shoulders. I should move. Do somet
[Day 1  14:39] thread   — The waiting has texture now. Bright and exposed. I check the
[Day 1  14:41] idle     — The waiting has texture now. Bright and exposed. I check the
[Day 1  14:51] idle     — fidget: She turns a page.
[Day 1  14:54] idle     — The waiting has texture now. Bright and exposed. I check the  [90m"......"[0m
[Day 1  15:03] idle     — fidget: She picks up something from the shelf and turns it o
[Day 1  15:10] idle     — fidget: She adjusts her glasses.
[Day 1  15:18] idle     — The light changed. Still waiting. I should stop checking the
[Day 1  15:23] idle     — fidget: She picks up something from the shelf and turns it o
[Day 1  15:28] thread   — The waiting is getting to me. I keep glancing at the door. M
[Day 1  15:31] idle     — fidget: She turns a page.
[Day 1  15:36] idle     — The waiting is getting to me. I keep glancing at the door. M
[Day 1  15:40] idle     — fidget: Her fingers trail along the shelf edge.
[Day 1  15:49] idle     — The light is different now. Warmer. I should move. Maybe che
[Day 1  15:55] idle     — The waiting is making me restless. I could check the trackin
[Day 1  16:01] idle     — fidget: She adjusts her glasses.
[Day 1  16:06] idle     — The light shifted. More golden now. My tea went cold an hour
[Day 1  16:10] idle     — fidget: She takes a sip of tea.
[Day 1  16:16] thread   — Checked the tracking three times now. The number hasn't chan  [90m"......"[0m
[Day 1  16:25] idle     — fidget: She glances toward the window.
[Day 1  16:34] idle     — The tracking number hasn't changed. I know it hasn't. But my  [90m"......"[0m
[Day 1  16:38] idle     — fidget: She picks up something from the shelf and turns it o
[Day 1  16:43] idle     — fidget: She holds something up to the light, studying it.
[Day 1  16:45] idle     — fidget: She adjusts her glasses.
[Day 1  16:52] idle     — fidget: She takes a sip of tea.
[Day 1  16:59] idle     — The light's different now. Warmer. I should stop checking my  [90m"......"[0m
[Day 1  17:09] thread   — The courier's late. Or maybe I'm early. I keep looking at th  [90m"......"[0m
[Day 1  17:13] idle     — The light's shifting again. I keep starting sentences in my   [90m"......"[0m
[Day 1  17:19] idle     — The package still hasn't come. I keep glancing at the door.   [90m"......"[0m
[Day 1  17:22] idle     — fidget: She holds something up to the light, studying it.
[Day 1  17:25] idle     — The waiting was never about the package. I was waiting for m
[Day 1  17:34] idle     — fidget: She turns a page.
[Day 1  17:37] idle     — The light's changing again. I should stand. Move something. 
[Day 1  17:43] idle     — The light's doing that thing again. Warm but not comforting.
[Day 1  17:49] idle     — fidget: She picks up something from the shelf and turns it o
[Day 1  17:59] idle     — The light's doing that thing again. Warm but not... I was th  [90m"......"[0m
[Day 1  18:01] idle     — fidget: She glances toward the window.
[Day 1  18:06] idle     — fidget: She holds something up to the light, studying it.
[Day 1  18:09] idle     — fidget: She adjusts her glasses.
[Day 1  18:12] idle     — fidget: Her fingers trail along the shelf edge.
[Day 1  18:19] idle     — fidget: She takes a sip of tea.
[Day 1  18:25] idle     — The light's changed. Evening now. That question is still sit
[Day 1  18:29] idle     — The light's different now. Softer. I should move that cerami
[Day 1  18:37] idle     — Evidence of occupation. The teacup I didn't finish. The book
[Day 1  18:45] idle     — fidget: She glances toward the window.
[Day 1  18:51] idle     — Evening settling in. The question sits with me — what makes 
[Day 1  18:57] rest     — resting
[Day 1  19:15] rest     — resting
[Day 1  19:44] rest     — resting
[Day 1  20:14] rest     — resting  [90m"......"[0m
[Day 1  20:35] rest     — resting  [90m"......"[0m
[Day 1  20:48] rest     — resting
[Day 1  20:55] rest     — resting
[Day 1  21:19] rest     — resting
[Day 1  21:26] rest     — resting
[Day 1  21:54] rest     — resting
[Day 1  22:11] rest     — resting
[Day 1  22:32] rest     — resting
[Day 1  22:46] rest     — resting
[Day 1  23:09] rest     — resting
[Day 1  23:15] rest     — resting
[Day 1  23:39] rest     — resting
[Day 1  23:57] rest     — resting
[Day 1  00:27] rest     — resting
[Day 1  00:53] rest     — resting  [90m"......"[0m
[Day 1  01:21] rest     — resting
[Day 1  01:27] rest     — resting  [90m"......"[0m
[Day 1  01:42] rest     — resting
[Day 1  01:58] rest     — resting
[Day 1  02:09] rest     — resting
[Day 1  02:28] rest     — resting
[Day 1  02:48] rest     — resting
[Day 1  03:13] SLEEP    — 0 moments consolidated
[Day 1  06:13] WAKE     — new day begins
[Day 1  06:13] thread   — The light's doing that thing again. Softening the edges of t
[Day 1  06:23] idle     — fidget: She adjusts her glasses.
[Day 1  06:26] idle     — The light again. Same angle as yesterday, but I notice it di
[Day 1  06:35] idle     — The light thread keeps pulling at me. Three days now. Same w
[Day 1  06:42] idle     — The light thread is resolving itself. Three days of the same
[Day 1  06:46] idle     — Three days of light observations. That's enough. The thread 
[Day 1  06:54] idle     — The light's different now. Not softer — clearer. I notice I'

=== Simulation Complete ===
  Total cycles: 151
  Days simulated: 1
  Journal entries: 59
  Cycle log entries: 91
  DB path: data/sim/sim_20260214_070000_2329032e.db
  Log path: data/sim/timeline_20260214_070000_2329032e.log

