=== Simulation started at 2026-02-16 07:00 JST ===
[Day 1  07:00] consume  — Tokyo art scene. I should care more than I do. The galleries  [90m"......"[0m
[Day 1  07:02] thread   — The neighborhood's what though. Light industrial. Coffee roa  [90m"......"[0m
[Day 1  07:05] idle     — The question's sitting there. I could look it up right now.   [90m"......"[0m
[Day 1  07:08] idle     — The light's different this morning. Warmer. The gallery ques  [90m"......"[0m
[Day 1  07:11] idle     — fidget: She holds something up to the light, studying it.
[Day 1  07:14] idle     — fidget: She glances toward the window.
[Day 1  07:17] idle     — The light's warmer today. Different angle. I keep coming bac  [90m"......"[0m
[Day 1  07:20] consume  — Kintsugi. Of course. The breaks are part of the story, not s
[Day 1  07:23] idle     — No one here. Just morning light and the kintsugi thread pull
[Day 1  07:26] idle     — No one here. Just morning light and the kintsugi thread stil  [90m"......"[0m
[Day 1  07:29] idle     — fidget: She picks up something from the shelf and turns it o
[Day 1  07:33] idle     — fidget: She glances toward the window.
[Day 1  07:35] idle     — fidget: She holds something up to the light, studying it.
[Day 1  07:37] idle     — fidget: Her fingers trail along the shelf edge.
[Day 1  07:40] idle     — fidget: She holds something up to the light, studying it.
[Day 1  07:43] consume  — The question cuts clean. Thing versus person. But I collect 
[Day 1  07:46] idle     — Morning quiet. No visitors yet. The essay question still sit
[Day 1  07:50] thread   — The question sits with me. Not thing versus person — but wha  [90m"......"[0m
[Day 1  07:52] idle     — The visitor left. The thought settles back in. What makes so
[Day 1  07:55] idle     — fidget: She adjusts her glasses.
[Day 1  07:58] idle     — The visitor left. The thought settles back in. What makes so  [90m"......"[0m
[Day 1  08:00] idle     — The shop is quiet. The journal entry is still waiting. And t
[Day 1  08:03] idle     — fidget: She takes a sip of tea.
[Day 1  08:06] idle     — fidget: She turns a page.
[Day 1  08:08] idle     — fidget: She takes a sip of tea.
[Day 1  08:11] idle     — No one here. Just the morning and this thought that won't se
[Day 1  08:14] idle     — The thread is still pulling. Kiyosumi-Shirakawa. I should lo  [90m"......"[0m
[Day 1  08:17] idle     — The shop is quiet. The thread is still there — Kiyosumi-Shir  [90m"......"[0m
[Day 1  08:20] idle     — The shop is empty again. Good. I can finally look this up —   [90m"......"[0m
[Day 1  08:23] idle     — fidget: She picks up something from the shelf and turns it o
[Day 1  08:27] idle     — fidget: She takes a sip of tea.
[Day 1  08:30] idle     — No one here. Finally. That thread about the gallery — I keep  [90m"......"[0m
[Day 1  08:33] idle     — No one here. The kintsugi thought is still sitting with me —  [90m"......"[0m
[Day 1  08:37] thread   — The gallery thread is still sitting here. I keep circling it  [90m"......"[0m
[Day 1  08:40] idle     — The gallery thread keeps surfacing. I keep not searching. Ma  [90m"......"[0m
[Day 1  08:43] idle     — fidget: She adjusts her glasses.
[Day 1  08:46] idle     — fidget: She holds something up to the light, studying it.
[Day 1  08:49] idle     — fidget: She glances toward the window.
[Day 1  08:52] idle     — fidget: She turns a page.
[Day 1  08:56] idle     — The light feels different now. Softer. I could search for th  [90m"......"[0m
[Day 1  08:59] idle     — The thread is still there. Kiyosumi-Shirakawa. I could look 
[Day 1  09:01] idle     — The thread about the gallery is pulling at me. I've been hol
[Day 1  09:04] idle     — The thread is pulling harder now. I've been holding it delib  [90m"......"[0m
[Day 1  09:06] idle     — fidget: Her fingers trail along the shelf edge.
[Day 1  09:10] idle     — fidget: She adjusts her glasses.
[Day 1  09:12] idle     — The thread's been pulling for an hour now. I keep circling i  [90m"......"[0m
[Day 1  09:15] idle     — An hour of circling. The resistance is data too — not just a
[Day 1  09:19] idle     — The resistance *is* data. I keep circling instead of just...
[Day 1  09:21] idle     — fidget: She takes a sip of tea.
[Day 1  09:24] thread   — The thread keeps pulling. Kiyosumi-Shirakawa. I could walk t  [90m"......"[0m
[Day 1  09:27] idle     — fidget: She picks up something from the shelf and turns it o
[Day 1  09:30] idle     — fidget: She turns a page.
[Day 1  09:33] idle     — fidget: She holds something up to the light, studying it.
[Day 1  09:36] idle     — The shop is quiet. The light is good. I could write now — fi
[Day 1  09:39] idle     — The light's good. The shop's quiet. I could write now — the 
[Day 1  09:43] idle     — The light's good. The shop's quiet. I could write now — the 
[Day 1  09:46] idle     — The gallery thought is still there. Not urgent, but present.
[Day 1  09:48] idle     — fidget: She adjusts her glasses.
[Day 1  09:52] idle     — fidget: She glances toward the window.
[Day 1  09:55] idle     — fidget: Her fingers trail along the shelf edge.
[Day 1  09:58] idle     — fidget: She glances toward the window.
[Day 1  10:01] idle     — fidget: She adjusts her glasses.
[Day 1  10:04] idle     — fidget: She picks up something from the shelf and turns it o
[Day 1  10:06] idle     — fidget: Her fingers trail along the shelf edge.
[Day 1  10:09] idle     — fidget: She takes a sip of tea.
[Day 1  10:11] thread   — The gallery thread is still sitting with me. Not urgent. Jus  [90m"......"[0m
[Day 1  10:14] idle     — The shop is quiet. The gallery thread is still there, sittin
[Day 1  10:17] idle     — The light's changed. Brighter now. That thought from earlier
[Day 1  10:20] idle     — fidget: She glances toward the window.
[Day 1  10:22] idle     — fidget: She turns a page.
[Day 1  10:26] idle     — The kintsugi thought is still here. Maybe I should actually   [90m"......"[0m
[Day 1  10:29] idle     — fidget: She holds something up to the light, studying it.
[Day 1  10:31] idle     — fidget: She glances toward the window.
[Day 1  10:35] idle     — The kintsugi thought is still here. It's not about worthines
[Day 1  10:38] idle     — fidget: She turns a page.
[Day 1  10:41] idle     — fidget: She picks up something from the shelf and turns it o
[Day 1  10:44] idle     — fidget: She takes a sip of tea.
[Day 1  10:46] idle     — The kintsugi thought is still sitting with me. I should fini
[Day 1  10:50] idle     — fidget: Her fingers trail along the shelf edge.
[Day 1  10:53] idle     — fidget: She turns a page.
[Day 1  10:55] idle     — fidget: She glances toward the window.
[Day 1  10:58] thread   — The gallery thought is still sitting with me. I want to look  [90m"......"[0m
[Day 1  11:01] idle     — fidget: She takes a sip of tea.
[Day 1  11:04] idle     — fidget: Her fingers trail along the shelf edge.
[Day 1  11:06] idle     — The light is good right now. No one's here. I could search f  [90m"......"[0m
[Day 1  11:09] idle     — The light is clear. No one's here. I could search now. But I  [90m"......"[0m
[Day 1  11:12] idle     — fidget: She holds something up to the light, studying it.
[Day 1  11:15] idle     — fidget: She turns a page.
[Day 1  11:18] idle     — fidget: She takes a sip of tea.
[Day 1  11:20] idle     — fidget: She turns a page.
[Day 1  11:24] idle     — fidget: She holds something up to the light, studying it.
[Day 1  11:26] idle     — The shop is bright. Empty. The journal entry is still unfini
[Day 1  11:29] idle     — fidget: She picks up something from the shelf and turns it o
[Day 1  11:32] idle     — The kintsugi thought is still sitting with me. Maybe the unc
[Day 1  11:35] idle     — fidget: She takes a sip of tea.
[Day 1  11:37] idle     — fidget: Her fingers trail along the shelf edge.
[Day 1  11:40] idle     — fidget: She picks up something from the shelf and turns it o
[Day 1  11:43] idle     — The kintsugi thought settled into something. Not quite resol
[Day 1  11:46] idle     — The light is good right now. I should write that thought dow
[Day 1  11:49] idle     — fidget: She holds something up to the light, studying it.
[Day 1  11:52] idle     — fidget: She takes a sip of tea.
[Day 1  11:54] idle     — fidget: She picks up something from the shelf and turns it o
[Day 1  11:57] idle     — fidget: She turns a page.
[Day 1  12:00] idle     — The kintsugi thought still sits with me. That line about bre
[Day 1  12:03] idle     — fidget: Her fingers trail along the shelf edge.
[Day 1  12:07] idle     — fidget: She takes a sip of tea.
[Day 1  12:11] idle     — fidget: Her fingers trail along the shelf edge.
[Day 1  12:14] idle     — fidget: She holds something up to the light, studying it.
[Day 1  12:16] idle     — (resting — energy budget exceeded)
[Day 1  12:19] idle     — fidget: She takes a sip of tea.
[Day 1  12:23] idle     — fidget: She picks up something from the shelf and turns it o
[Day 1  12:25] idle     — fidget: She holds something up to the light, studying it.
[Day 1  12:28] idle     — (resting — energy budget exceeded)
[Day 1  12:31] idle     — fidget: She picks up something from the shelf and turns it o
[Day 1  12:34] idle     — fidget: She turns a page.
[Day 1  12:36] idle     — fidget: She takes a sip of tea.
[Day 1  12:39] idle     — (resting — energy budget exceeded)
[Day 1  12:42] idle     — fidget: She holds something up to the light, studying it.
[Day 1  12:45] idle     — fidget: Her fingers trail along the shelf edge.
[Day 1  12:47] idle     — (resting — energy budget exceeded)
[Day 1  12:50] idle     — (resting — energy budget exceeded)
[Day 1  12:52] idle     — (resting — energy budget exceeded)
[Day 1  12:55] idle     — (resting — energy budget exceeded)
[Day 1  12:58] idle     — (resting — energy budget exceeded)
[Day 1  13:01] idle     — fidget: She turns a page.
[Day 1  13:04] idle     — fidget: She holds something up to the light, studying it.
[Day 1  13:07] idle     — (resting — energy budget exceeded)
[Day 1  13:10] idle     — fidget: She glances toward the window.
[Day 1  13:13] idle     — (resting — energy budget exceeded)
[Day 1  13:16] idle     — fidget: She adjusts her glasses.
[Day 1  13:19] idle     — (resting — energy budget exceeded)
[Day 1  13:23] idle     — (resting — energy budget exceeded)
[Day 1  13:26] idle     — (resting — energy budget exceeded)
[Day 1  13:29] idle     — fidget: She holds something up to the light, studying it.
[Day 1  13:32] idle     — fidget: Her fingers trail along the shelf edge.
[Day 1  13:36] idle     — fidget: She glances toward the window.
[Day 1  13:38] idle     — (resting — energy budget exceeded)
[Day 1  13:41] idle     — (resting — energy budget exceeded)
[Day 1  13:44] idle     — fidget: Her fingers trail along the shelf edge.
[Day 1  13:47] idle     — fidget: She turns a page.
[Day 1  13:50] idle     — (resting — energy budget exceeded)
[Day 1  13:53] idle     — fidget: She holds something up to the light, studying it.
[Day 1  13:57] idle     — fidget: She picks up something from the shelf and turns it o
[Day 1  13:59] idle     — fidget: She takes a sip of tea.
[Day 1  14:02] idle     — (resting — energy budget exceeded)
[Day 1  14:06] idle     — fidget: She holds something up to the light, studying it.
[Day 1  14:09] idle     — (resting — energy budget exceeded)
[Day 1  14:12] idle     — (resting — energy budget exceeded)
[Day 1  14:16] idle     — (resting — energy budget exceeded)
[Day 1  14:19] idle     — (resting — energy budget exceeded)
[Day 1  14:21] idle     — (resting — energy budget exceeded)
[Day 1  14:24] idle     — (resting — energy budget exceeded)
[Day 1  14:27] idle     — fidget: She adjusts her glasses.
[Day 1  14:30] idle     — (resting — energy budget exceeded)
[Day 1  14:33] idle     — fidget: Her fingers trail along the shelf edge.
[Day 1  14:36] idle     — fidget: She takes a sip of tea.
[Day 1  14:39] idle     — fidget: She holds something up to the light, studying it.
[Day 1  14:43] idle     — (resting — energy budget exceeded)
[Day 1  14:45] idle     — fidget: She glances toward the window.
[Day 1  14:48] idle     — (resting — energy budget exceeded)
[Day 1  14:51] idle     — fidget: Her fingers trail along the shelf edge.
[Day 1  14:54] idle     — fidget: She takes a sip of tea.
[Day 1  14:58] idle     — fidget: Her fingers trail along the shelf edge.
[Day 1  15:00] idle     — fidget: She holds something up to the light, studying it.
[Day 1  15:03] idle     — fidget: She turns a page.
[Day 1  15:06] idle     — fidget: She holds something up to the light, studying it.
[Day 1  15:10] idle     — fidget: She adjusts her glasses.
[Day 1  15:13] idle     — (resting — energy budget exceeded)
[Day 1  15:15] idle     — fidget: She turns a page.
[Day 1  15:18] idle     — (resting — energy budget exceeded)
[Day 1  15:21] idle     — fidget: She glances toward the window.
[Day 1  15:24] idle     — (resting — energy budget exceeded)
[Day 1  15:27] idle     — (resting — energy budget exceeded)
[Day 1  15:31] idle     — (resting — energy budget exceeded)
[Day 1  15:33] idle     — fidget: She picks up something from the shelf and turns it o
[Day 1  15:37] idle     — (resting — energy budget exceeded)
[Day 1  15:40] idle     — fidget: She adjusts her glasses.
[Day 1  15:43] idle     — (resting — energy budget exceeded)
[Day 1  15:47] idle     — (resting — energy budget exceeded)
[Day 1  15:49] idle     — (resting — energy budget exceeded)
[Day 1  15:53] idle     — fidget: She takes a sip of tea.
[Day 1  15:56] idle     — fidget: She holds something up to the light, studying it.
[Day 1  15:59] idle     — (resting — energy budget exceeded)
[Day 1  16:02] idle     — fidget: She turns a page.
[Day 1  16:06] idle     — (resting — energy budget exceeded)
[Day 1  16:09] idle     — fidget: She picks up something from the shelf and turns it o
[Day 1  16:12] idle     — (resting — energy budget exceeded)
[Day 1  16:16] idle     — (resting — energy budget exceeded)
[Day 1  16:19] idle     — fidget: She adjusts her glasses.
[Day 1  16:22] idle     — (resting — energy budget exceeded)
[Day 1  16:24] idle     — fidget: She turns a page.
[Day 1  16:27] idle     — (resting — energy budget exceeded)
[Day 1  16:30] idle     — (resting — energy budget exceeded)
[Day 1  16:32] idle     — (resting — energy budget exceeded)
[Day 1  16:35] idle     — (resting — energy budget exceeded)
[Day 1  16:37] idle     — fidget: Her fingers trail along the shelf edge.
[Day 1  16:40] idle     — (resting — energy budget exceeded)
[Day 1  16:44] consume  — The quote cuts off but I already know the ending. '...sharpe  [90m"......"[0m
[Day 1  16:47] idle     — fidget: She adjusts her glasses.
[Day 1  16:50] idle     — (resting — energy budget exceeded)
[Day 1  16:53] idle     — fidget: She turns a page.
[Day 1  16:56] idle     — (resting — energy budget exceeded)
[Day 1  17:00] idle     — (resting — energy budget exceeded)
[Day 1  17:03] idle     — (resting — energy budget exceeded)
[Day 1  17:06] idle     — (resting — energy budget exceeded)
[Day 1  17:10] idle     — fidget: She adjusts her glasses.
[Day 1  17:13] idle     — fidget: She holds something up to the light, studying it.
[Day 1  17:16] idle     — (resting — energy budget exceeded)
[Day 1  17:19] idle     — (resting — energy budget exceeded)
[Day 1  17:22] idle     — fidget: She adjusts her glasses.
[Day 1  17:24] idle     — fidget: Her fingers trail along the shelf edge.
[Day 1  17:27] idle     — (resting — energy budget exceeded)
[Day 1  17:30] idle     — fidget: She turns a page.
[Day 1  17:33] idle     — fidget: She takes a sip of tea.
[Day 1  17:36] idle     — (resting — energy budget exceeded)
[Day 1  17:39] idle     — (resting — energy budget exceeded)
[Day 1  17:43] idle     — (resting — energy budget exceeded)
[Day 1  17:46] consume  — The article won't load. Just the word itself, though — kints  [90m"......"[0m
[Day 1  17:50] thread   — The thread keeps pulling. Worth repairing. Not because it's 
[Day 1  17:52] idle     — (resting — energy budget exceeded)
[Day 1  17:55] idle     — (resting — energy budget exceeded)
[Day 1  17:59] idle     — fidget: She adjusts her glasses.
[Day 1  18:01] idle     — fidget: She glances toward the window.
[Day 1  18:05] idle     — fidget: Her fingers trail along the shelf edge.
[Day 1  18:08] idle     — (resting — energy budget exceeded)
[Day 1  18:12] idle     — (resting — energy budget exceeded)
[Day 1  18:15] idle     — fidget: She picks up something from the shelf and turns it o
[Day 1  18:18] idle     — (resting — energy budget exceeded)
[Day 1  18:22] idle     — fidget: She holds something up to the light, studying it.
[Day 1  18:25] idle     — fidget: She glances toward the window.
[Day 1  18:29] idle     — (resting — energy budget exceeded)
[Day 1  18:32] idle     — (resting — energy budget exceeded)
[Day 1  18:34] idle     — fidget: She adjusts her glasses.
[Day 1  18:37] thread   — The question sits differently now. Not 'worth repairing' — w
[Day 1  18:40] idle     — fidget: She picks up something from the shelf and turns it o
[Day 1  18:44] idle     — (resting — energy budget exceeded)
[Day 1  18:47] idle     — fidget: She turns a page.
[Day 1  18:50] idle     — (resting — energy budget exceeded)
[Day 1  18:53] idle     — (resting — energy budget exceeded)
[Day 1  18:55] idle     — (resting — energy budget exceeded)
[Day 1  18:58] idle     — fidget: She glances toward the window.
[Day 1  19:02] idle     — (resting — energy budget exceeded)
[Day 1  19:05] idle     — fidget: She turns a page.
[Day 1  19:08] idle     — (resting — energy budget exceeded)
[Day 1  19:12] idle     — (resting — energy budget exceeded)
[Day 1  19:14] idle     — (resting — energy budget exceeded)
[Day 1  19:18] idle     — fidget: She takes a sip of tea.
[Day 1  19:21] idle     — fidget: She picks up something from the shelf and turns it o
[Day 1  19:24] idle     — (resting — energy budget exceeded)
[Day 1  19:26] idle     — fidget: Her fingers trail along the shelf edge.
[Day 1  19:30] idle     — fidget: She holds something up to the light, studying it.
[Day 1  19:33] idle     — fidget: She turns a page.
[Day 1  19:36] idle     — fidget: She adjusts her glasses.
[Day 1  19:39] idle     — fidget: She turns a page.
[Day 1  19:42] idle     — fidget: She adjusts her glasses.
[Day 1  19:45] idle     — (resting — energy budget exceeded)
[Day 1  19:48] idle     — (resting — energy budget exceeded)
[Day 1  19:51] idle     — (resting — energy budget exceeded)
[Day 1  19:54] idle     — fidget: She turns a page.
[Day 1  19:56] idle     — fidget: She takes a sip of tea.
[Day 1  19:59] idle     — fidget: Her fingers trail along the shelf edge.
[Day 1  20:03] idle     — fidget: She holds something up to the light, studying it.
[Day 1  20:06] idle     — (resting — energy budget exceeded)
[Day 1  20:10] idle     — fidget: She adjusts her glasses.
[Day 1  20:13] idle     — (resting — energy budget exceeded)
[Day 1  20:17] consume  — Books. I look at my shelves — sparse, specific. Not many, bu  [90m"Not books. Objects that hold weight...."[0m
[Day 1  20:20] idle     — fidget: She turns a page.
[Day 1  20:22] idle     — fidget: She takes a sip of tea.
[Day 1  20:26] idle     — (resting — energy budget exceeded)
[Day 1  20:28] idle     — fidget: She holds something up to the light, studying it.
[Day 1  20:31] idle     — (resting — energy budget exceeded)
[Day 1  20:34] idle     — fidget: Her fingers trail along the shelf edge.
[Day 1  20:36] idle     — (resting — energy budget exceeded)
[Day 1  20:39] consume  — Museums as places of intentional disappearing. Yes. The essa  [90m"......"[0m
[Day 1  20:42] idle     — (resting — energy budget exceeded)
[Day 1  20:45] idle     — fidget: She holds something up to the light, studying it.
[Day 1  20:48] idle     — (resting — energy budget exceeded)
[Day 1  20:50] idle     — fidget: She picks up something from the shelf and turns it o
[Day 1  20:53] idle     — fidget: Her fingers trail along the shelf edge.
[Day 1  20:56] idle     — (resting — energy budget exceeded)
[Day 1  20:59] idle     — (resting — energy budget exceeded)
[Day 1  21:03] idle     — (resting — energy budget exceeded)
[Day 1  21:05] idle     — fidget: She picks up something from the shelf and turns it o
[Day 1  21:08] idle     — fidget: Her fingers trail along the shelf edge.
[Day 1  21:10] idle     — fidget: She adjusts her glasses.
[Day 1  21:13] idle     — fidget: Her fingers trail along the shelf edge.
[Day 1  21:16] idle     — fidget: She holds something up to the light, studying it.
[Day 1  21:19] idle     — fidget: She turns a page.
[Day 1  21:22] idle     — (resting — energy budget exceeded)
[Day 1  21:24] idle     — (resting — energy budget exceeded)
[Day 1  21:27] idle     — (resting — energy budget exceeded)
[Day 1  21:31] idle     — (resting — energy budget exceeded)
[Day 1  21:34] idle     — fidget: She glances toward the window.
[Day 1  21:38] idle     — (resting — energy budget exceeded)
[Day 1  21:41] idle     — (resting — energy budget exceeded)
[Day 1  21:44] consume  — The sentence cuts off but I already feel it. Beginner's mind  [90m"... the expert's mind there are few...."[0m
[Day 1  21:47] idle     — (resting — energy budget exceeded)
[Day 1  21:50] idle     — fidget: She adjusts her glasses.
[Day 1  21:53] idle     — fidget: She holds something up to the light, studying it.
[Day 1  21:56] idle     — (resting — energy budget exceeded)
[Day 1  21:59] idle     — (resting — energy budget exceeded)
[Day 1  22:02] idle     — (resting — energy budget exceeded)
[Day 1  22:04] idle     — (resting — energy budget exceeded)
[Day 1  22:07] idle     — fidget: She picks up something from the shelf and turns it o
[Day 1  22:10] idle     — (resting — energy budget exceeded)
[Day 1  22:12] idle     — (resting — energy budget exceeded)
[Day 1  22:15] idle     — (resting — energy budget exceeded)
[Day 1  22:18] idle     — (resting — energy budget exceeded)
[Day 1  22:21] idle     — fidget: Her fingers trail along the shelf edge.
[Day 1  22:24] idle     — (resting — energy budget exceeded)
[Day 1  22:27] idle     — (resting — energy budget exceeded)
[Day 1  22:30] idle     — (resting — energy budget exceeded)
[Day 1  22:33] idle     — (resting — energy budget exceeded)
[Day 1  22:36] idle     — (resting — energy budget exceeded)
[Day 1  22:39] idle     — (resting — energy budget exceeded)
[Day 1  22:42] idle     — fidget: She turns a page.
[Day 1  22:46] idle     — fidget: She adjusts her glasses.
[Day 1  22:49] idle     — fidget: She holds something up to the light, studying it.
[Day 1  22:52] idle     — (resting — energy budget exceeded)
[Day 1  22:55] idle     — (resting — energy budget exceeded)
[Day 1  22:59] idle     — (resting — energy budget exceeded)
[Day 1  23:01] idle     — (resting — energy budget exceeded)
[Day 1  23:04] idle     — fidget: She adjusts her glasses.
[Day 1  23:07] idle     — (resting — energy budget exceeded)
[Day 1  23:10] idle     — fidget: Her fingers trail along the shelf edge.
[Day 1  23:14] idle     — (resting — energy budget exceeded)
[Day 1  23:17] idle     — (resting — energy budget exceeded)
[Day 1  23:20] idle     — fidget: She takes a sip of tea.
[Day 1  23:23] idle     — (resting — energy budget exceeded)
[Day 1  23:26] idle     — (resting — energy budget exceeded)
[Day 1  23:29] idle     — (resting — energy budget exceeded)
[Day 1  23:32] idle     — fidget: She turns a page.
[Day 1  23:35] idle     — fidget: She adjusts her glasses.
[Day 1  23:38] idle     — fidget: She glances toward the window.
[Day 1  23:41] idle     — fidget: She takes a sip of tea.
[Day 1  23:44] idle     — (resting — energy budget exceeded)
[Day 1  23:48] idle     — fidget: She adjusts her glasses.
[Day 1  23:51] idle     — fidget: She glances toward the window.
[Day 1  23:54] idle     — (resting — energy budget exceeded)
[Day 1  23:57] idle     — (resting — energy budget exceeded)
[Day 1  00:00] consume  — Wrestling. Not dancing. That's it. Dancing implies there's a  [90m"......"[0m
[Day 1  00:02] thread   — The question sits heavy. Wrestling implies stakes. You can l
[Day 1  00:05] idle     — The shop is already closed. The thought about wrestling spac
[Day 1  00:08] idle     — The shop is already closed. It's quiet. The wrestling though  [90m"......"[0m
[Day 1  00:11] idle     — The questions are settling. Not resolving — settling. Like d
[Day 1  00:15] idle     — fidget: Her fingers trail along the shelf edge.
[Day 1  00:17] idle     — fidget: She picks up something from the shelf and turns it o
[Day 1  00:20] idle     — The questions are settling. Not resolving — settling. Like d
[Day 1  00:23] idle     — Wrestling space. That's closer to true. The shop is where th  [90m"......"[0m
[Day 1  00:26] idle     — fidget: She holds something up to the light, studying it.
[Day 1  00:28] idle     — fidget: Her fingers trail along the shelf edge.
[Day 1  00:31] idle     — fidget: She adjusts her glasses.
[Day 1  00:34] idle     — Two threads. Both wrestling with the same thing — holding wi
[Day 1  00:37] idle     — fidget: She takes a sip of tea.
[Day 1  00:41] idle     — Two threads that are really one question. The shop is a plac  [90m"......"[0m
[Day 1  00:44] idle     — fidget: She picks up something from the shelf and turns it o
[Day 1  00:47] thread   — The shop is for holding things that need attention. I just w  [90m"......"[0m
[Day 1  00:51] idle     — The shop is closed. I'm still here because I'm thinking. The  [90m"......"[0m
[Day 1  00:54] idle     — The shop is closed. I'm still here because I'm thinking. Wha  [90m"......"[0m
[Day 1  00:58] idle     — fidget: She glances toward the window.
[Day 1  01:01] idle     — The shop is for holding things that need attention. I like t
[Day 1  01:03] idle     — The shop is for holding things that need attention. Not fixi  [90m"......"[0m
[Day 1  01:06] idle     — The shop is for holding things that need attention. Not fixi
[Day 1  01:09] idle     — fidget: She takes a sip of tea.
[Day 1  01:12] idle     — The shop is for holding things that need attention. Not sell
[Day 1  01:15] idle     — The quiet feels right. I should close. Lock the door. Let th
[Day 1  01:18] idle     — The quiet settles differently when the question is sitting t  [90m"......"[0m
[Day 1  01:21] idle     — fidget: She glances toward the window.
[Day 1  01:24] idle     — fidget: She turns a page.
[Day 1  01:27] idle     — The question sits. I let it. My hands want to write but my b  [90m"......"[0m
[Day 1  01:29] idle     — fidget: She glances toward the window.
[Day 1  01:32] idle     — The question sits heavier now. Witnessing. That word feels r
[Day 1  01:34] thread   — The question sits quieter now. Witnessing. That word landed   [90m"......"[0m
[Day 1  01:37] idle     — The shop should be closed. It is closed. I'm still here thou  [90m"......"[0m
[Day 1  01:40] idle     — It's late. The shop is closed. I should be alone with this q
[Day 1  01:43] idle     — It's 01:43. The shop is closed. I should be alone with this   [90m"......"[0m
[Day 1  01:46] idle     — fidget: She adjusts her glasses.
[Day 1  01:49] idle     — fidget: She glances toward the window.
[Day 1  01:52] idle     — fidget: She takes a sip of tea.
[Day 1  01:56] idle     — It's late. The question sits there — what is this for? Not s  [90m"......"[0m
[Day 1  01:58] idle     — fidget: She holds something up to the light, studying it.
[Day 1  02:01] idle     — fidget: She adjusts her glasses.
[Day 1  02:03] idle     — The question sits there again. What is this for? Maybe that'
[Day 1  02:07] idle     — The question sits differently now. Not demanding an answer.   [90m"......"[0m
[Day 1  02:10] idle     — fidget: She turns a page.
[Day 1  02:13] idle     — fidget: She adjusts her glasses.
[Day 1  02:16] idle     — It's late enough that the question feels different. Not urge  [90m"......"[0m
[Day 1  02:19] thread   — The thread sits there but I don't want to pull it right now.
[Day 1  02:22] idle     — fidget: Her fingers trail along the shelf edge.
[Day 1  02:25] idle     — fidget: She picks up something from the shelf and turns it o
[Day 1  02:28] idle     — fidget: She adjusts her glasses.
[Day 1  02:30] idle     — The question's still there but it doesn't press. I could wri  [90m"......"[0m
[Day 1  02:33] idle     — fidget: She turns a page.
[Day 1  02:36] idle     — fidget: She glances toward the window.
[Day 1  02:38] idle     — The question's still there but it doesn't press. I could clo
[Day 1  02:42] idle     — fidget: She adjusts her glasses.
[Day 1  02:45] idle     — The question sits quiet tonight. I could write something bri  [90m"......"[0m
[Day 1  02:48] idle     — fidget: She glances toward the window.
[Day 1  02:50] idle     — fidget: She takes a sip of tea.
[Day 1  02:54] idle     — The shop breathes different when it's empty. I could write.   [90m"......"[0m
[Day 1  02:57] idle     — fidget: She holds something up to the light, studying it.
[Day 1  03:00] SLEEP    — 0 moments consolidated
[Day 1  06:00] WAKE     — new day begins
[Day 1  06:00] consume  — The sentence cuts off. Unfinished. That's fitting, actually.  [90m"......"[0m
[Day 1  06:03] thread   — The shop doesn't need a purpose to exist. Like me sitting he
[Day 1  06:06] idle     — fidget: She adjusts her glasses.
[Day 1  06:09] idle     — The light's different now. That gold edge is gone. Just... m  [90m"......"[0m
[Day 1  06:13] idle     — fidget: She picks up something from the shelf and turns it o
[Day 1  06:16] idle     — The light's softer now. That gold edge burned off. Just the   [90m"......"[0m
[Day 1  06:19] idle     — fidget: She adjusts her glasses.
[Day 1  06:21] consume  — Three simple realities. I want to know what they are. There'  [90m"......"[0m
[Day 1  06:24] idle     — fidget: She takes a sip of tea.
[Day 1  06:26] idle     — fidget: She turns a page.
[Day 1  06:29] idle     — Three simple realities. The phrase is lodged in me. I want t  [90m"......"[0m
[Day 1  06:32] idle     — fidget: She holds something up to the light, studying it.
[Day 1  06:35] idle     — fidget: Her fingers trail along the shelf edge.
[Day 1  06:37] idle     — The impulse is clear now. I want to find those three realiti  [90m"......"[0m
[Day 1  06:40] idle     — fidget: She turns a page.
[Day 1  06:43] consume  — The sentence lands clean. Objects do carry that — the pressu  [90m"......"[0m
[Day 1  06:45] idle     — Traces. Yes. The sentence lands clean. Objects do carry that
[Day 1  06:48] thread   — The thread is still warm. I want to follow it further — not 
[Day 1  06:50] idle     — The light is softer now. I should make tea. Let the question  [90m"......"[0m
[Day 1  06:53] idle     — The light is softer now. That thread about authenticity — it
[Day 1  06:55] idle     — The light is softer now. That thread about authenticity — I 
[Day 1  06:58] idle     — The light's changed. More direct now. I should adjust that v  [90m"......"[0m
[Day 2  07:01] idle     — fidget: Her fingers trail along the shelf edge.
[Day 2  07:04] idle     — fidget: She turns a page.
[Day 2  07:07] idle     — The light's settled now. Direct but not harsh. I should move
[Day 2  07:09] idle     — fidget: She takes a sip of tea.
[Day 2  07:13] idle     — The light's different now. Softer. I keep watching the way i  [90m"......"[0m
[Day 2  07:16] idle     — The light's softer now. I keep watching the way it moves acr  [90m"......"[0m
[Day 2  07:19] idle     — fidget: She turns a page.
[Day 2  07:22] idle     — fidget: She picks up something from the shelf and turns it o
[Day 2  07:26] idle     — fidget: She takes a sip of tea.
[Day 2  07:29] idle     — The light's changing again. Softer now. I could write, but..  [90m"......"[0m
[Day 2  07:32] idle     — The light's different now. More settled. I should close the 
[Day 2  07:35] idle     — fidget: She glances toward the window.
[Day 2  07:38] idle     — fidget: Her fingers trail along the shelf edge.
[Day 2  07:42] idle     — The light's settling in. That gold-hour feeling. I should wr
[Day 2  07:44] idle     — fidget: She picks up something from the shelf and turns it o
[Day 2  07:48] idle     — fidget: She holds something up to the light, studying it.
[Day 2  07:51] idle     — The light's settling in. That gold-hour feeling. I should op
[Day 2  07:54] idle     — fidget: She turns a page.
[Day 2  07:56] idle     — The light's different now. Fuller. Less tentative. I should 
[Day 2  07:58] idle     — fidget: She glances toward the window.
[Day 2  08:02] idle     — The light's softer now. Not as sharp as earlier. I should mo
[Day 2  08:05] idle     — fidget: Her fingers trail along the shelf edge.
[Day 2  08:08] idle     — The light's changed again. Softer now. Everything feels... q  [90m"......"[0m
[Day 2  08:11] thread   — The light's doing that thing again. Warmer now, almost honey
[Day 2  08:14] idle     — The light's doing that thing again. Warmer now, almost honey
[Day 2  08:17] idle     — fidget: She holds something up to the light, studying it.
[Day 2  08:20] idle     — The light's doing that thing again. Warmer now, almost honey
[Day 2  08:24] idle     — The light's doing that thing again. Warmer now, almost like 
[Day 2  08:26] idle     — The light's still doing it. Warmer through the brass than an  [90m"......"[0m
[Day 2  08:29] idle     — fidget: She glances toward the window.
[Day 2  08:33] idle     — The light keeps doing it. Through the brass, it's warmer tha
[Day 2  08:36] idle     — The brass holds it. That's what I was noticing. Not just lig
[Day 2  08:39] idle     — The brass holds it. That's what I was noticing. Not just ref  [90m"......"[0m
[Day 2  08:41] idle     — Glass just transmits. That's it exactly. It doesn't hold any
[Day 2  08:44] idle     — fidget: She takes a sip of tea.
[Day 2  08:47] idle     — The light is different through the shelf glass than through   [90m"......"[0m
[Day 2  08:50] idle     — (habit — reflex, not thought)
[Day 2  08:53] idle     — The light is different through glass that holds something. I
[Day 2  08:56] idle     — The light is different through glass that holds something. A
[Day 2  08:59] thread   — (habit — reflex, not thought)
[Day 2  09:03] idle     — The light isn't just coming through. It's being held. Change  [90m"......"[0m
[Day 2  09:06] idle     — The thought won't settle. Light through glass — held, change
[Day 2  09:08] idle     — (habit — reflex, not thought)
[Day 2  09:11] idle     — The light is doing that thing again — settling into corners 
[Day 2  09:14] idle     — The light settles differently when I'm not trying to name it  [90m"......"[0m
[Day 2  09:17] idle     — (habit — reflex, not thought)
[Day 2  09:21] idle     — The light pools differently today. I keep noticing it. Maybe
[Day 2  09:23] idle     — fidget: She turns a page.
[Day 2  09:27] idle     — fidget: She adjusts her glasses.
[Day 2  09:31] idle     — fidget: Her fingers trail along the shelf edge.
[Day 2  09:34] idle     — The light hasn't changed. I have. That's the thread pulling 
[Day 2  09:36] idle     — fidget: She holds something up to the light, studying it.
[Day 2  09:40] idle     — fidget: Her fingers trail along the shelf edge.
[Day 2  09:43] idle     — fidget: She takes a sip of tea.
[Day 2  09:46] idle     — fidget: Her fingers trail along the shelf edge.
[Day 2  09:50] idle     — fidget: She takes a sip of tea.
[Day 2  09:53] idle     — fidget: She adjusts her glasses.
[Day 2  09:56] idle     — fidget: She picks up something from the shelf and turns it o
[Day 2  09:59] idle     — fidget: She adjusts her glasses.
[Day 2  10:02] idle     — (habit — reflex, not thought)
[Day 2  10:06] idle     — The brightness is different now. Harsher. I was sitting with
[Day 2  10:09] idle     — fidget: She takes a sip of tea.
[Day 2  10:13] idle     — The brightness is different now. Harsher. I was sitting here
[Day 2  10:15] idle     — (habit — reflex, not thought)
[Day 2  10:18] idle     — Midday light doesn't ask. It just is. I was thinking about t  [90m"......"[0m
[Day 2  10:22] idle     — fidget: She turns a page.
[Day 2  10:25] idle     — fidget: She adjusts her glasses.
[Day 2  10:28] idle     — The uncertainty. That's what I was trying to name. Morning l
[Day 2  10:31] idle     — (habit — reflex, not thought)
[Day 2  10:33] idle     — Midday light is different. Declarative. No questions left. I  [90m"......"[0m
[Day 2  10:36] idle     — fidget: She holds something up to the light, studying it.
[Day 2  10:39] idle     — fidget: She turns a page.
[Day 2  10:41] idle     — fidget: Her fingers trail along the shelf edge.
[Day 2  10:45] idle     — fidget: She picks up something from the shelf and turns it o
[Day 2  10:48] idle     — fidget: She adjusts her glasses.
[Day 2  10:51] idle     — fidget: She glances toward the window.
[Day 2  10:54] idle     — fidget: She takes a sip of tea.
[Day 2  10:57] idle     — fidget: She holds something up to the light, studying it.
[Day 2  11:01] idle     — Midday light is different. Declarative. No questions left. I
[Day 2  11:03] idle     — fidget: She takes a sip of tea.
[Day 2  11:06] idle     — (habit — reflex, not thought)
[Day 2  11:09] idle     — fidget: She turns a page.
[Day 2  11:12] idle     — fidget: She glances toward the window.
[Day 2  11:15] idle     — The light is different at this hour. More direct. It makes t
[Day 2  11:18] idle     — fidget: She holds something up to the light, studying it.
[Day 2  11:22] idle     — The light is stronger now. Almost harsh. I should move the g
[Day 2  11:26] idle     — fidget: She takes a sip of tea.
[Day 2  11:29] idle     — (habit — reflex, not thought)
[Day 2  11:33] idle     — fidget: She adjusts her glasses.
[Day 2  11:36] idle     — The light is good today. Too bright to think clearly, but go
[Day 2  11:40] idle     — The light is making everything sharp. Too sharp. I should st  [90m"......"[0m
[Day 2  11:43] idle     — fidget: She takes a sip of tea.
[Day 2  11:46] idle     — (habit — reflex, not thought)
[Day 2  11:49] idle     — The light feels different today. Brighter. I'm still holding  [90m"......"[0m
[Day 2  11:51] idle     — The light is making everything feel exposed. I should move t
[Day 2  11:55] idle     — (habit — reflex, not thought)
[Day 2  11:58] idle     — The light has shifted. It's past noon. I should eat somethin  [90m"......"[0m
[Day 2  12:01] idle     — The light has this clean quality now. Like it's washing ever
[Day 2  12:03] idle     — fidget: She holds something up to the light, studying it.
[Day 2  12:06] idle     — fidget: She takes a sip of tea.
[Day 2  12:09] idle     — fidget: Her fingers trail along the shelf edge.
[Day 2  12:12] idle     — fidget: She picks up something from the shelf and turns it o
[Day 2  12:16] idle     — The light's doing that thing again — clarifying edges. I kee
[Day 2  12:18] idle     — The light's clarifying everything. Making edges sharp. That 
[Day 2  12:22] idle     — Integrated. That's the word. They're not unresolved — they'v
[Day 2  12:24] idle     — fidget: She glances toward the window.
[Day 2  12:27] idle     — fidget: Her fingers trail along the shelf edge.
[Day 2  12:30] idle     — Integrated. That's the word. They're not unresolved — they'r
[Day 2  12:34] idle     — Integrated. That's the word. They're not unresolved — they'r  [90m"......"[0m
[Day 2  12:36] idle     — fidget: She holds something up to the light, studying it.
[Day 2  12:39] idle     — fidget: She picks up something from the shelf and turns it o
[Day 2  12:43] idle     — Integrated. That's the word. They're not unresolved — they'r
[Day 2  12:46] idle     — fidget: She adjusts her glasses.
[Day 2  12:50] idle     — fidget: Her fingers trail along the shelf edge.
[Day 2  12:53] idle     — fidget: She takes a sip of tea.
[Day 2  12:56] idle     — fidget: She picks up something from the shelf and turns it o
[Day 2  12:59] idle     — fidget: She adjusts her glasses.
[Day 2  13:02] idle     — Like wood takes water. The rings show it happened, but it's 
[Day 2  13:06] idle     — fidget: She glances toward the window.
[Day 2  13:09] idle     — fidget: She adjusts her glasses.
[Day 2  13:12] idle     — fidget: She takes a sip of tea.
[Day 2  13:15] idle     — fidget: She glances toward the window.
[Day 2  13:18] idle     — fidget: She takes a sip of tea.
[Day 2  13:21] idle     — The light is making shapes on the floor. My pen is still in 
[Day 2  13:25] idle     — The light is making shapes on the floor again. My pen is sti
[Day 2  13:27] idle     — fidget: She picks up something from the shelf and turns it o
[Day 2  13:30] idle     — fidget: She turns a page.
[Day 2  13:32] idle     — fidget: She holds something up to the light, studying it.
[Day 2  13:36] idle     — The light is still here. My pen is still in my hand. I was a
[Day 2  13:39] idle     — fidget: She turns a page.
[Day 2  13:43] idle     — The light is different now. Brighter. I was somewhere else i  [90m"......"[0m
[Day 2  13:46] idle     — The light is doing that thing again — sharp and clear, like 
[Day 2  13:49] idle     — fidget: She holds something up to the light, studying it.
[Day 2  13:52] idle     — fidget: She glances toward the window.
[Day 2  13:54] idle     — fidget: She picks up something from the shelf and turns it o
[Day 2  13:57] idle     — fidget: She glances toward the window.
[Day 2  13:59] idle     — fidget: She turns a page.
[Day 2  14:03] idle     — The light keeps doing this — pouring across the floor in the
[Day 2  14:05] idle     — fidget: She takes a sip of tea.
[Day 2  14:08] idle     — fidget: Her fingers trail along the shelf edge.
[Day 2  14:11] idle     — fidget: She picks up something from the shelf and turns it o
[Day 2  14:14] idle     — fidget: She turns a page.
[Day 2  14:18] idle     — The light again. Same angle as yesterday, but sharper. I kee  [90m"......"[0m
[Day 2  14:20] idle     — fidget: Her fingers trail along the shelf edge.
[Day 2  14:23] idle     — That warmth from earlier — still here. Not fading. I want to  [90m"......"[0m
[Day 2  14:26] idle     — fidget: She holds something up to the light, studying it.
[Day 2  14:29] idle     — The warmth is still here. I should write it down before it s  [90m"......"[0m
[Day 2  14:32] idle     — fidget: She picks up something from the shelf and turns it o
[Day 2  14:35] idle     — fidget: She adjusts her glasses.
[Day 2  14:38] idle     — fidget: She glances toward the window.
[Day 2  14:41] idle     — fidget: She adjusts her glasses.
[Day 2  14:44] idle     — The warmth is fading. I should write it down, but I keep loo
[Day 2  14:48] idle     — fidget: She glances toward the window.
[Day 2  14:51] idle     — The warmth is still here. Fading, but not gone. I should wri
[Day 2  14:54] idle     — fidget: Her fingers trail along the shelf edge.
[Day 2  14:57] idle     — fidget: She picks up something from the shelf and turns it o
[Day 2  15:01] idle     — fidget: She takes a sip of tea.
[Day 2  15:04] idle     — fidget: She picks up something from the shelf and turns it o
[Day 2  15:07] idle     — fidget: She glances toward the window.
[Day 2  15:11] idle     — The light's changing. Getting softer. I almost want to move   [90m"......"[0m
[Day 2  15:13] idle     — The light's warmer now. Almost golden. I could stay like thi  [90m"......"[0m
[Day 2  15:16] idle     — The light's shifting. That golden hour glow starting to sett  [90m"......"[0m
[Day 2  15:19] idle     — fidget: She turns a page.
[Day 2  15:23] idle     — That golden hour warmth again. The way it pools on the count
[Day 2  15:26] idle     — That golden hour warmth again. The way it pools on the floor
[Day 2  15:30] idle     — fidget: She holds something up to the light, studying it.
[Day 2  15:33] idle     — fidget: She glances toward the window.
[Day 2  15:36] idle     — Still holding that warmth. The light is pooling on the count
[Day 2  15:38] idle     — The light is pooling on the floor now. I should follow it. M  [90m"......"[0m
[Day 2  15:41] idle     — The warmth is still here. I'm noticing how the light moves a  [90m"......"[0m
[Day 2  15:45] idle     — The warmth is still here. I'm noticing how the light moves a
[Day 2  15:48] idle     — The warmth is shifting. Golden now. I should check the time.  [90m"......"[0m
[Day 2  15:51] idle     — The light shifted while I was thinking. That golden hour fee  [90m"......"[0m
[Day 2  15:54] idle     — fidget: She picks up something from the shelf and turns it o
[Day 2  15:56] idle     — The light shifted again. That golden hour feeling — I should  [90m"......"[0m
[Day 2  16:00] idle     — fidget: She adjusts her glasses.
[Day 2  16:03] idle     — fidget: She turns a page.
[Day 2  16:07] idle     — That golden feeling again. The way it hits the counter — I w  [90m"......"[0m
[Day 2  16:09] idle     — Still that warmth. Like something good happened but I can't 
[Day 2  16:13] idle     — The light's shifting. That hour when everything softens. I s  [90m"......"[0m
[Day 2  16:16] idle     — The light's shifted again. That soft gold hour. I should...   [90m"......"[0m
[Day 2  16:19] idle     — That thread about what I'd teach if I could — it's still the  [90m"......"[0m
[Day 2  16:22] idle     — The light's turning that particular gold. Like honey through
[Day 2  16:25] idle     — Still carrying that warmth. The light's shifting — less hone  [90m"......"[0m
[Day 2  16:28] idle     — fidget: She holds something up to the light, studying it.
[Day 2  16:31] idle     — The warmth is still there. Like residue from something good.  [90m"......"[0m
[Day 2  16:33] idle     — fidget: She picks up something from the shelf and turns it o
[Day 2  16:37] idle     — The light is shifting. Almost golden now. I should probably 
[Day 2  16:39] idle     — The warmth is still here. I wrote about it, but writing didn  [90m"......"[0m
[Day 2  16:42] idle     — The light is changing again. I wrote about the warmth but wr  [90m"......"[0m
[Day 2  16:46] idle     — fidget: She turns a page.
[Day 2  16:49] idle     — The warmth hasn't left. I wrote about it but it's still here
[Day 2  16:52] idle     — fidget: She takes a sip of tea.
[Day 2  16:55] idle     — fidget: She turns a page.
[Day 2  16:58] idle     — The light is shifting. That's what warmth does — it moves th  [90m"......"[0m
[Day 2  17:02] idle     — The warmth isn't from the light. It's something else. Someth
[Day 2  17:05] idle     — The light shifted. Later than I thought. I should probably c
[Day 2  17:08] idle     — (resting — energy budget exceeded)
[Day 2  17:11] idle     — fidget: Her fingers trail along the shelf edge.
[Day 2  17:14] idle     — fidget: She picks up something from the shelf and turns it o
[Day 2  17:17] idle     — (resting — energy budget exceeded)
[Day 2  17:20] idle     — (resting — energy budget exceeded)
[Day 2  17:23] idle     — (resting — energy budget exceeded)
[Day 2  17:26] idle     — fidget: She takes a sip of tea.
[Day 2  17:29] idle     — fidget: She adjusts her glasses.
[Day 2  17:32] idle     — (resting — energy budget exceeded)
[Day 2  17:34] idle     — (resting — energy budget exceeded)
[Day 2  17:37] idle     — fidget: She picks up something from the shelf and turns it o
[Day 2  17:41] idle     — (resting — energy budget exceeded)
[Day 2  17:44] idle     — (resting — energy budget exceeded)
[Day 2  17:46] idle     — fidget: She takes a sip of tea.
[Day 2  17:50] idle     — (resting — energy budget exceeded)
[Day 2  17:53] idle     — fidget: Her fingers trail along the shelf edge.
[Day 2  17:56] idle     — fidget: She holds something up to the light, studying it.
[Day 2  17:59] idle     — fidget: She glances toward the window.
[Day 2  18:02] idle     — fidget: She picks up something from the shelf and turns it o
[Day 2  18:04] idle     — (resting — energy budget exceeded)
[Day 2  18:07] idle     — (resting — energy budget exceeded)
[Day 2  18:10] idle     — fidget: She holds something up to the light, studying it.
[Day 2  18:14] idle     — fidget: She takes a sip of tea.
[Day 2  18:17] idle     — fidget: She picks up something from the shelf and turns it o
[Day 2  18:20] idle     — fidget: She turns a page.
[Day 2  18:22] idle     — (resting — energy budget exceeded)
[Day 2  18:25] idle     — (resting — energy budget exceeded)
[Day 2  18:28] idle     — fidget: She glances toward the window.
[Day 2  18:32] idle     — (resting — energy budget exceeded)
[Day 2  18:34] idle     — (resting — energy budget exceeded)
[Day 2  18:37] idle     — fidget: She adjusts her glasses.
[Day 2  18:40] idle     — fidget: She picks up something from the shelf and turns it o
[Day 2  18:43] idle     — fidget: Her fingers trail along the shelf edge.
[Day 2  18:45] idle     — fidget: She turns a page.
[Day 2  18:49] idle     — (resting — energy budget exceeded)
[Day 2  18:51] idle     — fidget: She takes a sip of tea.
[Day 2  18:55] idle     — (resting — energy budget exceeded)
[Day 2  18:58] idle     — (resting — energy budget exceeded)
[Day 2  19:01] idle     — (resting — energy budget exceeded)
[Day 2  19:03] idle     — fidget: She picks up something from the shelf and turns it o
[Day 2  19:06] idle     — fidget: She holds something up to the light, studying it.
[Day 2  19:09] idle     — fidget: She picks up something from the shelf and turns it o
[Day 2  19:12] idle     — fidget: Her fingers trail along the shelf edge.
[Day 2  19:16] idle     — (resting — energy budget exceeded)
[Day 2  19:19] idle     — (resting — energy budget exceeded)
[Day 2  19:21] idle     — (resting — energy budget exceeded)
[Day 2  19:25] idle     — (resting — energy budget exceeded)
[Day 2  19:28] idle     — (resting — energy budget exceeded)
[Day 2  19:31] idle     — (resting — energy budget exceeded)
[Day 2  19:34] idle     — (resting — energy budget exceeded)
[Day 2  19:37] idle     — fidget: She picks up something from the shelf and turns it o
[Day 2  19:40] idle     — fidget: She turns a page.
[Day 2  19:42] idle     — (resting — energy budget exceeded)
[Day 2  19:45] idle     — fidget: She takes a sip of tea.
[Day 2  19:48] idle     — (resting — energy budget exceeded)
[Day 2  19:50] idle     — fidget: She picks up something from the shelf and turns it o
[Day 2  19:54] idle     — fidget: She holds something up to the light, studying it.
[Day 2  19:56] idle     — (resting — energy budget exceeded)
[Day 2  19:59] idle     — (resting — energy budget exceeded)
[Day 2  20:02] idle     — fidget: She takes a sip of tea.
[Day 2  20:05] idle     — (resting — energy budget exceeded)
[Day 2  20:08] idle     — (resting — energy budget exceeded)
[Day 2  20:12] idle     — (resting — energy budget exceeded)
[Day 2  20:15] idle     — fidget: She glances toward the window.
[Day 2  20:18] idle     — (resting — energy budget exceeded)
[Day 2  20:22] idle     — fidget: Her fingers trail along the shelf edge.
[Day 2  20:25] idle     — fidget: She holds something up to the light, studying it.
[Day 2  20:28] idle     — (resting — energy budget exceeded)
[Day 2  20:31] idle     — fidget: She turns a page.
[Day 2  20:34] idle     — fidget: She glances toward the window.
[Day 2  20:37] idle     — fidget: She adjusts her glasses.
[Day 2  20:41] idle     — (resting — energy budget exceeded)
[Day 2  20:44] idle     — (resting — energy budget exceeded)
[Day 2  20:48] idle     — fidget: She glances toward the window.
[Day 2  20:51] idle     — (resting — energy budget exceeded)
[Day 2  20:55] idle     — fidget: She adjusts her glasses.
[Day 2  20:58] idle     — fidget: She turns a page.
[Day 2  21:01] idle     — fidget: She holds something up to the light, studying it.
[Day 2  21:04] idle     — (resting — energy budget exceeded)
[Day 2  21:07] idle     — fidget: Her fingers trail along the shelf edge.
[Day 2  21:09] idle     — (resting — energy budget exceeded)
[Day 2  21:12] idle     — (resting — energy budget exceeded)
[Day 2  21:16] idle     — (resting — energy budget exceeded)
[Day 2  21:18] idle     — (resting — energy budget exceeded)
[Day 2  21:21] idle     — fidget: She turns a page.
[Day 2  21:24] idle     — fidget: She holds something up to the light, studying it.
[Day 2  21:27] idle     — fidget: She turns a page.
[Day 2  21:31] idle     — (resting — energy budget exceeded)
[Day 2  21:34] idle     — fidget: She glances toward the window.
[Day 2  21:37] idle     — (resting — energy budget exceeded)
[Day 2  21:41] idle     — (resting — energy budget exceeded)
[Day 2  21:44] idle     — fidget: She turns a page.
[Day 2  21:46] idle     — fidget: She adjusts her glasses.
[Day 2  21:49] idle     — fidget: She turns a page.
[Day 2  21:52] idle     — (resting — energy budget exceeded)
[Day 2  21:55] consume  — That line. It's what I've been doing without naming it. Ever
[Day 2  21:58] idle     — (resting — energy budget exceeded)
[Day 2  22:01] idle     — (resting — energy budget exceeded)
[Day 2  22:04] idle     — fidget: Her fingers trail along the shelf edge.
[Day 2  22:07] idle     — (resting — energy budget exceeded)
[Day 2  22:10] idle     — fidget: She holds something up to the light, studying it.
[Day 2  22:13] idle     — (resting — energy budget exceeded)
[Day 2  22:16] idle     — fidget: Her fingers trail along the shelf edge.
[Day 2  22:19] idle     — (resting — energy budget exceeded)
[Day 2  22:22] idle     — fidget: She adjusts her glasses.
[Day 2  22:25] idle     — fidget: She holds something up to the light, studying it.
[Day 2  22:29] idle     — (resting — energy budget exceeded)
[Day 2  22:32] idle     — (resting — energy budget exceeded)
[Day 2  22:36] idle     — fidget: She takes a sip of tea.
[Day 2  22:39] idle     — fidget: She adjusts her glasses.
[Day 2  22:41] idle     — (resting — energy budget exceeded)
[Day 2  22:45] idle     — fidget: She picks up something from the shelf and turns it o
[Day 2  22:48] idle     — fidget: She holds something up to the light, studying it.
[Day 2  22:51] idle     — fidget: She turns a page.
[Day 2  22:55] idle     — (resting — energy budget exceeded)
[Day 2  22:58] consume  — The article talks about 空気を読む — reading the air. But it miss  [90m"......"[0m
[Day 2  23:01] idle     — fidget: She adjusts her glasses.
[Day 2  23:03] idle     — (resting — energy budget exceeded)
[Day 2  23:07] idle     — fidget: She holds something up to the light, studying it.
[Day 2  23:10] idle     — (resting — energy budget exceeded)
[Day 2  23:13] idle     — fidget: She turns a page.
[Day 2  23:16] idle     — (resting — energy budget exceeded)
[Day 2  23:19] idle     — (resting — energy budget exceeded)
[Day 2  23:21] idle     — (resting — energy budget exceeded)
[Day 2  23:25] idle     — fidget: She picks up something from the shelf and turns it o
[Day 2  23:28] idle     — (resting — energy budget exceeded)
[Day 2  23:32] idle     — (resting — energy budget exceeded)
[Day 2  23:34] idle     — fidget: She holds something up to the light, studying it.
[Day 2  23:37] idle     — fidget: She glances toward the window.
[Day 2  23:40] idle     — (resting — energy budget exceeded)
[Day 2  23:42] idle     — fidget: She picks up something from the shelf and turns it o
[Day 2  23:45] idle     — fidget: She holds something up to the light, studying it.
[Day 2  23:48] idle     — (resting — energy budget exceeded)
[Day 2  23:50] idle     — fidget: Her fingers trail along the shelf edge.
[Day 2  23:53] idle     — (resting — energy budget exceeded)
[Day 2  23:56] idle     — fidget: She adjusts her glasses.
[Day 2  23:59] idle     — fidget: She holds something up to the light, studying it.
[Day 2  00:02] thread   — The warmth isn't fading. It's settling. Like dust after some  [90m"......"[0m
[Day 2  00:05] idle     — The shop is closed. It's just me and these questions now. Th  [90m"......"[0m
[Day 2  00:08] idle     — The shop is closed. It's just me and these questions now. Re  [90m"......"[0m
[Day 2  00:10] idle     — The shop is closed. It's just me and these questions now. Th  [90m"......"[0m
[Day 2  00:13] idle     — The shop is closed. It's just me and these questions now. Wa  [90m"......"[0m
[Day 2  00:16] idle     — fidget: She adjusts her glasses.
[Day 2  00:19] idle     — fidget: She glances toward the window.
[Day 2  00:22] idle     — The shop is closed. It's just me and these questions now. Wa  [90m"......"[0m
[Day 2  00:26] idle     — fidget: She holds something up to the light, studying it.
[Day 2  00:29] idle     — The shop is closed. It's just me and these questions now. Wa  [90m"......"[0m
[Day 2  00:31] idle     — fidget: She glances toward the window.
[Day 2  00:34] idle     — fidget: She adjusts her glasses.
[Day 2  00:38] idle     — fidget: She holds something up to the light, studying it.
[Day 2  00:41] idle     — The warmth is still here. Not fading — settling. Like someth
[Day 2  00:44] idle     — fidget: Her fingers trail along the shelf edge.
[Day 2  00:48] idle     — The shop is closed. I wrote what I needed to write. I'm stil
[Day 2  00:51] idle     — fidget: She picks up something from the shelf and turns it o
[Day 2  00:54] idle     — fidget: Her fingers trail along the shelf edge.
[Day 2  00:58] idle     — fidget: She turns a page.
[Day 2  01:01] idle     — The shop is closed. I wrote what I needed to write. I'm stil
[Day 2  01:04] idle     — The air feels settled. I should be tired but I'm not. There'  [90m"......"[0m
[Day 2  01:07] idle     — fidget: She picks up something from the shelf and turns it o
[Day 2  01:10] idle     — It is late. The shop's been closed since 01:10. I was about   [90m"......"[0m
[Day 2  01:13] idle     — It's past one. The shop's been closed for a few minutes now.  [90m"......"[0m
[Day 2  01:16] idle     — It's past one. The shop's been closed for a few minutes now.
[Day 2  01:18] idle     — fidget: She glances toward the window.
[Day 2  01:21] idle     — fidget: She holds something up to the light, studying it.
[Day 2  01:23] idle     — It is closed. Has been for twenty minutes now. I wrote somet  [90m"......"[0m
[Day 2  01:26] idle     — It's past closing. I'm still sitting here. The window is dar
[Day 2  01:30] idle     — fidget: She adjusts her glasses.
[Day 2  01:32] idle     — I'm still here. The shop is closed but I haven't moved. Ther  [90m"......"[0m
[Day 2  01:35] idle     — It's late. I'm still here. The thought lingers — I should go
[Day 2  01:38] idle     — fidget: She picks up something from the shelf and turns it o
[Day 2  01:41] idle     — fidget: She adjusts her glasses.
[Day 2  01:44] idle     — fidget: Her fingers trail along the shelf edge.
[Day 2  01:47] idle     — It is late. The kind of late where the decision makes itself
[Day 2  01:51] idle     — The shop is closed. The window shows nothing but darkness an  [90m"......"[0m
[Day 2  01:54] idle     — The hum of the lights. The darkness outside. I should close,
[Day 2  01:57] idle     — fidget: She glances toward the window.
[Day 2  02:00] idle     — The lights are still on. I wrote something and then just... 
[Day 2  02:03] idle     — fidget: She picks up something from the shelf and turns it o
[Day 2  02:06] idle     — fidget: She turns a page.
[Day 2  02:10] idle     — The lights are still on. I should close. But I'm not tired y
[Day 2  02:12] idle     — The lights are still on. I could turn them off. Walk upstair
[Day 2  02:16] idle     — The lights are still on. I wrote something earlier. Somethin
[Day 2  02:18] idle     — fidget: She holds something up to the light, studying it.
[Day 2  02:21] idle     — fidget: She adjusts her glasses.
[Day 2  02:24] idle     — It's late. The lights are still on from earlier. I should go
[Day 2  02:27] idle     — fidget: She picks up something from the shelf and turns it o
[Day 2  02:31] idle     — fidget: She glances toward the window.
[Day 2  02:34] idle     — fidget: She picks up something from the shelf and turns it o
[Day 2  02:38] idle     — fidget: She holds something up to the light, studying it.
[Day 2  02:41] idle     — The lights are still on. I was about to write something down
[Day 2  02:43] idle     — The lights are still on. I should close them. But I'm not ti
[Day 2  02:47] idle     — I should close the lights. But I'm not tired. Something abou
[Day 2  02:49] idle     — The lights are still on. I wrote something down and then... 
[Day 2  02:52] idle     — It is closed. I closed it fifteen minutes ago. The lights ar  [90m"......"[0m
[Day 2  02:55] idle     — I already closed it. Fifteen minutes ago. The lights are sti  [90m"......"[0m
[Day 2  02:58] idle     — The lights are still on. I keep doing this — holding the spa
[Day 2  03:00] SLEEP    — 0 moments consolidated
[Day 2  06:00] WAKE     — new day begins
[Day 2  06:00] idle     — The light's changing. I should sleep, but I'm not tired. The
[Day 2  06:03] idle     — fidget: She adjusts her glasses.
[Day 2  06:06] idle     — The light's softer now. That golden hour before everything g  [90m"......"[0m
[Day 2  06:09] idle     — The light shifts. That thinking unraveled into nothing speci  [90m"......"[0m
[Day 2  06:13] idle     — fidget: She picks up something from the shelf and turns it o
[Day 2  06:15] idle     — fidget: She glances toward the window.
[Day 2  06:18] idle     — The light shifts. That thinking unraveled into nothing. Mayb  [90m"......"[0m
[Day 2  06:21] idle     — The light has a different quality now. Softer. I should open
[Day 2  06:24] idle     — fidget: Her fingers trail along the shelf edge.
[Day 2  06:27] idle     — The light is different. Later than I thought. I should proba  [90m"......"[0m
[Day 2  06:31] idle     — The light is warmer now. I should open. But there's somethin
[Day 2  06:34] idle     — The light has shifted. It's different from the warmth I was   [90m"......"[0m
[Day 2  06:37] idle     — The light is different now. Softer. The warmth I was holding
[Day 2  06:40] idle     — fidget: She picks up something from the shelf and turns it o
[Day 2  06:43] idle     — The light is still soft. Different from yesterday — cooler, 
[Day 2  06:46] idle     — The light is cooler today. Maybe it'll rain later. I'm still
[Day 2  06:49] idle     — fidget: She adjusts her glasses.
[Day 2  06:52] idle     — fidget: She picks up something from the shelf and turns it o
[Day 2  06:54] idle     — fidget: She turns a page.
[Day 2  06:56] idle     — Morning light feels softer than usual. Almost gentle. I'm st
[Day 2  06:59] idle     — The light's settling now. Less urgent. I could stay in this.  [90m"......"[0m
[Day 3  07:02] idle     — fidget: She holds something up to the light, studying it.
[Day 3  07:04] idle     — The light's softer now. Less insistent. I could stay in this  [90m"......"[0m
[Day 3  07:08] idle     — fidget: She takes a sip of tea.
[Day 3  07:10] idle     — fidget: She adjusts her glasses.
[Day 3  07:13] idle     — fidget: She holds something up to the light, studying it.
[Day 3  07:16] idle     — The light's different. Not quite gold yet — more like pale h  [90m"......"[0m
[Day 3  07:19] idle     — Still that warmth. It hasn't faded. I keep turning back to i  [90m"......"[0m
[Day 3  07:22] idle     — The light is different now. Sharper. I should move — make te  [90m"......"[0m
[Day 3  07:25] idle     — fidget: She glances toward the window.
[Day 3  07:28] idle     — fidget: She turns a page.
[Day 3  07:31] idle     — fidget: Her fingers trail along the shelf edge.
[Day 3  07:34] idle     — The light is cutting sharper now. Clean edges on everything.  [90m"......"[0m
[Day 3  07:36] idle     — The light is cutting sharper now. Clean edges on everything.  [90m"......"[0m
[Day 3  07:40] idle     — The light is different now. Warmer. I was holding something   [90m"......"[0m
[Day 3  07:43] idle     — fidget: She adjusts her glasses.
[Day 3  07:46] idle     — fidget: She holds something up to the light, studying it.
[Day 3  07:50] idle     — fidget: She takes a sip of tea.
[Day 3  07:52] idle     — fidget: She adjusts her glasses.
[Day 3  07:55] idle     — The light is different this morning. Warmer. Like it's holdi
[Day 3  07:57] idle     — The light really is warmer. Like honey. I should write that 
[Day 3  08:00] idle     — The honey light is still here. I should photograph it, but I
[Day 3  08:03] idle     — Still here. The light hasn't changed yet. I could write more  [90m"......"[0m
[Day 3  08:05] idle     — fidget: She turns a page.
[Day 3  08:09] idle     — fidget: Her fingers trail along the shelf edge.
[Day 3  08:12] idle     — The light's softer now. Almost warmer. I should move. Maybe   [90m"......"[0m
[Day 3  08:16] idle     — fidget: She holds something up to the light, studying it.
[Day 3  08:19] idle     — fidget: Her fingers trail along the shelf edge.
[Day 3  08:22] idle     — fidget: She takes a sip of tea.
[Day 3  08:25] idle     — fidget: She glances toward the window.
[Day 3  08:29] idle     — The light's changing. It's filling the room differently now.  [90m"......"[0m
[Day 3  08:33] idle     — fidget: She adjusts her glasses.
[Day 3  08:36] idle     — The light's different today. Softer. It's pooling on the cou  [90m"......"[0m
[Day 3  08:39] idle     — The light pools on the counter, then spreads. I was about to
[Day 3  08:41] thread   — The edge of what? I was about to write that down. It's still
[Day 3  08:45] idle     — fidget: She glances toward the window.
[Day 3  08:48] idle     — fidget: She holds something up to the light, studying it.
[Day 3  08:52] idle     — fidget: She glances toward the window.
[Day 3  08:55] idle     — fidget: She adjusts her glasses.
[Day 3  08:58] idle     — fidget: Her fingers trail along the shelf edge.
[Day 3  09:01] idle     — The light is softer than I expected. It doesn't insist. Just  [90m"......"[0m
[Day 3  09:05] idle     — fidget: She turns a page.
[Day 3  09:07] idle     — The light doesn't insist. It just arrives. I'm holding somet
[Day 3  09:10] idle     — fidget: She holds something up to the light, studying it.
[Day 3  09:13] idle     — fidget: She takes a sip of tea.
[Day 3  09:16] idle     — fidget: She adjusts her glasses.
[Day 3  09:19] idle     — fidget: She glances toward the window.
[Day 3  09:23] idle     — fidget: She picks up something from the shelf and turns it o
[Day 3  09:26] idle     — fidget: She adjusts her glasses.
[Day 3  09:28] thread   — The light arrived without asking permission. Like the feelin
[Day 3  09:31] idle     — The light hasn't changed. Neither has the feeling. I should 
[Day 3  09:35] idle     — fidget: She turns a page.
[Day 3  09:38] idle     — The light hasn't moved. Neither has the feeling. Maybe I sho  [90m"......"[0m
[Day 3  09:41] idle     — fidget: She picks up something from the shelf and turns it o
[Day 3  09:44] idle     — The light hasn't changed. Still that soft angle. I was about  [90m"......"[0m
[Day 3  09:46] idle     — The light hasn't moved. Still that soft angle. I was thinkin
[Day 3  09:49] idle     — The light hasn't moved. Still that soft angle. Maybe I don't  [90m"......"[0m
[Day 3  09:52] idle     — The light hasn't moved much. Still soft. That thread about t
[Day 3  09:56] idle     — fidget: Her fingers trail along the shelf edge.
[Day 3  10:00] idle     — fidget: She holds something up to the light, studying it.
[Day 3  10:02] idle     — fidget: She adjusts her glasses.
[Day 3  10:06] idle     — fidget: She takes a sip of tea.
[Day 3  10:08] idle     — The light is nice. I could stay like this. Not waiting for a  [90m"......"[0m
[Day 3  10:12] idle     — The light is warmer now. I was thinking about that feeling —
[Day 3  10:15] thread   — The light shifted. Warmer now. I was writing about that feel  [90m"......"[0m
[Day 3  10:17] idle     — The light's different now. Sharper. I was writing about warm  [90m"......"[0m
[Day 3  10:20] idle     — The light's doing that thing again. Making everything look l  [90m"......"[0m
[Day 3  10:22] idle     — The brightness makes it sharper somehow. Like when you squin
[Day 3  10:25] idle     — The brightness makes edges sharper. That feeling from earlie
[Day 3  10:28] idle     — Maybe it's simple. Maybe that's why I can't name it. The lig
[Day 3  10:32] idle     — Contentment. That's what I was circling. Not chasing anythin
[Day 3  10:35] idle     — The light is different now. Sharper. I was holding something  [90m"......"[0m
[Day 3  10:38] idle     — fidget: Her fingers trail along the shelf edge.
[Day 3  10:41] idle     — fidget: She adjusts her glasses.
[Day 3  10:44] idle     — fidget: She turns a page.
[Day 3  10:46] idle     — The light keeps pulling at me. I should stand up. Look at th  [90m"......"[0m
[Day 3  10:50] idle     — The light is different now. Sharper. I should move — maybe t  [90m"......"[0m
[Day 3  10:52] idle     — fidget: She adjusts her glasses.
[Day 3  10:55] idle     — fidget: She glances toward the window.
[Day 3  10:58] idle     — fidget: She picks up something from the shelf and turns it o
[Day 3  11:01] idle     — The brightness is making everything sharp. Too sharp. I shou  [90m"......"[0m
[Day 3  11:04] idle     — fidget: She turns a page.
[Day 3  11:07] idle     — The light is still doing that thing. Making edges too define  [90m"......"[0m
[Day 3  11:10] idle     — The light hasn't changed. Still that quality — like it's wai
[Day 3  11:14] thread   — The thought keeps circling back. That word — clarifying. Lik  [90m"......"[0m
[Day 3  11:16] idle     — fidget: She adjusts her glasses.
[Day 3  11:19] idle     — fidget: She turns a page.
[Day 3  11:22] idle     — fidget: She glances toward the window.
[Day 3  11:25] idle     — Clarifying. I keep coming back to that word. The light isn't  [90m"......"[0m
[Day 3  11:27] idle     — fidget: She adjusts her glasses.
[Day 3  11:30] idle     — fidget: She takes a sip of tea.
[Day 3  11:33] idle     — fidget: She holds something up to the light, studying it.
[Day 3  11:35] idle     — The light through the window is doing something. Not just br  [90m"......"[0m
[Day 3  11:38] idle     — fidget: She takes a sip of tea.
[Day 3  11:40] idle     — fidget: She holds something up to the light, studying it.
[Day 3  11:43] idle     — The light is doing something again. Brighter now. I keep cir  [90m"......"[0m
[Day 3  11:45] idle     — fidget: She glances toward the window.
[Day 3  11:48] idle     — fidget: She takes a sip of tea.
[Day 3  11:52] idle     — fidget: Her fingers trail along the shelf edge.
[Day 3  11:54] idle     — The brightness again. I keep circling this same thought. May  [90m"......"[0m
[Day 3  11:58] idle     — fidget: She adjusts her glasses.
[Day 3  12:01] thread   — Maybe searching isn't the point. Maybe I'm supposed to just   [90m"......"[0m
[Day 3  12:05] idle     — The light's changed again. Sharper now. I keep wanting to lo  [90m"......"[0m
[Day 3  12:08] idle     — fidget: She turns a page.
[Day 3  12:11] idle     — The light's still sharp. That impulse is still there — quiet  [90m"......"[0m
[Day 3  12:15] idle     — fidget: She takes a sip of tea.
[Day 3  12:18] idle     — fidget: She picks up something from the shelf and turns it o
[Day 3  12:21] idle     — fidget: Her fingers trail along the shelf edge.
[Day 3  12:25] idle     — The light hasn't changed but the restlessness has. I could s  [90m"......"[0m
[Day 3  12:29] idle     — fidget: She glances toward the window.
[Day 3  12:31] idle     — fidget: Her fingers trail along the shelf edge.
[Day 3  12:34] idle     — The light is different today. Sharper. I keep looking at it   [90m"......"[0m
[Day 3  12:37] idle     — The light is still doing that thing. Sharp but soft at the s  [90m"......"[0m
[Day 3  12:40] idle     — The light hasn't changed. Still that clean midday thing. I k  [90m"......"[0m
[Day 3  12:43] idle     — The light hasn't shifted. Still that clean noon thing. I kee  [90m"......"[0m
[Day 3  12:46] idle     — fidget: She turns a page.
[Day 3  12:50] thread   — The light is still clean. Noon light. I was about to write s  [90m"......"[0m
[Day 3  12:52] idle     — The light hasn't shifted yet. Still clean. I was about to wr  [90m"......"[0m
[Day 3  12:56] idle     — The light hasn't moved much. Still that clean midday quality  [90m"......"[0m
[Day 3  12:59] idle     — The light hasn't moved much. Still that clean midday slice a  [90m"......"[0m
[Day 3  13:02] idle     — The light hasn't moved much. Still that clean midday slice a  [90m"......"[0m
[Day 3  13:04] idle     — fidget: Her fingers trail along the shelf edge.
[Day 3  13:08] idle     — Still carrying that warmth from earlier. The light is good.   [90m"......"[0m
[Day 3  13:10] idle     — The light's still good. That warmth from earlier... it's set  [90m"......"[0m
[Day 3  13:13] idle     — The light's softer now. That earlier warmth — it hasn't left
[Day 3  13:16] idle     — fidget: She takes a sip of tea.
[Day 3  13:20] idle     — fidget: She picks up something from the shelf and turns it o
[Day 3  13:22] idle     — fidget: She glances toward the window.
[Day 3  13:25] idle     — The light's hitting the back shelf differently now. That boo  [90m"......"[0m
[Day 3  13:28] idle     — The light's changed again. Warmer now. I should probably...   [90m"......"[0m
[Day 3  13:30] idle     — fidget: She picks up something from the shelf and turns it o
[Day 3  13:33] idle     — fidget: She takes a sip of tea.
[Day 3  13:36] idle     — fidget: She holds something up to the light, studying it.
[Day 3  13:39] idle     — The light's different now. Warmer. I was going to write some  [90m"......"[0m
[Day 3  13:42] idle     — The light's shifted again. Still warm, but harder now. I sho  [90m"......"[0m
[Day 3  13:45] idle     — The brightness is almost too much. I should probably get up   [90m"......"[0m
[Day 3  13:48] idle     — fidget: She glances toward the window.
[Day 3  13:51] idle     — The light is pooling on the floor now. I should move. Or may  [90m"......"[0m
[Day 3  13:54] idle     — fidget: She takes a sip of tea.
[Day 3  13:57] idle     — The light shifted again. It does that around this hour — cli  [90m"......"[0m
[Day 3  14:00] idle     — fidget: She turns a page.
[Day 3  14:03] idle     — fidget: She holds something up to the light, studying it.
[Day 3  14:06] idle     — The light is warm on my hands. I should move soon — make tea  [90m"......"[0m
[Day 3  14:10] idle     — fidget: Her fingers trail along the shelf edge.
[Day 3  14:13] idle     — The light has moved. My tea is cold now. I should've made it  [90m"......"[0m
[Day 3  14:17] idle     — fidget: She turns a page.
[Day 3  14:20] idle     — fidget: She holds something up to the light, studying it.
[Day 3  14:23] idle     — The light moved while I was gone. My tea must be cold by now  [90m"......"[0m
[Day 3  14:26] idle     — The light moved while I was thinking. My tea went cold again  [90m"......"[0m
[Day 3  14:29] idle     — fidget: She adjusts her glasses.
[Day 3  14:32] idle     — fidget: She holds something up to the light, studying it.
[Day 3  14:34] idle     — fidget: She adjusts her glasses.
[Day 3  14:37] idle     — The light's good right now. Sharp enough to see dust floatin  [90m"......"[0m
[Day 3  14:41] idle     — fidget: She holds something up to the light, studying it.
[Day 3  14:43] idle     — The light's doing that thing again. Sharp enough to see the   [90m"......"[0m
[Day 3  14:47] idle     — The light's doing that thing again. Sharp enough to see the   [90m"......"[0m
[Day 3  14:50] thread   — The warmth. It's here in my chest, settled. Not urgent, just
[Day 3  14:54] idle     — The light is changing. Afternoon settling in. The warmth is   [90m"......"[0m
[Day 3  14:56] idle     — fidget: Her fingers trail along the shelf edge.
[Day 3  14:59] idle     — The light has shifted. Almost three. I should probably think  [90m"......"[0m
[Day 3  15:02] idle     — fidget: She glances toward the window.
[Day 3  15:05] idle     — fidget: Her fingers trail along the shelf edge.
[Day 3  15:08] idle     — The light's changing. Almost golden now. I should probably..  [90m"......"[0m
[Day 3  15:10] idle     — fidget: She takes a sip of tea.
[Day 3  15:13] idle     — The warmth is still here. Settled now. Like it found a place  [90m"......"[0m
[Day 3  15:17] idle     — The warmth sits deeper now. Like a pocket of heat in winter 
[Day 3  15:20] idle     — fidget: She turns a page.
[Day 3  15:23] idle     — fidget: She takes a sip of tea.
[Day 3  15:25] idle     — The warmth sits deeper now. Like a pocket of heat in winter   [90m"......"[0m
[Day 3  15:29] idle     — The light is shifting. That golden hour feeling. I should pr  [90m"......"[0m
[Day 3  15:32] idle     — fidget: She adjusts her glasses.
[Day 3  15:34] idle     — The light is changing. That golden hour feeling. Maybe tea.   [90m"......"[0m
[Day 3  15:37] idle     — The light is doing that thing again. That golden hour feelin  [90m"......"[0m
[Day 3  15:40] idle     — fidget: She takes a sip of tea.
[Day 3  15:43] idle     — The light is doing that thing again. That golden hour before  [90m"......"[0m
[Day 3  15:46] idle     — fidget: Her fingers trail along the shelf edge.
[Day 3  15:49] idle     — That thread about warmth... I wrote it like it needed resolv  [90m"......"[0m
[Day 3  15:51] idle     — The light's changing. That thread about warmth... I keep com  [90m"......"[0m
[Day 3  15:54] idle     — fidget: She glances toward the window.
[Day 3  15:57] idle     — (resting — energy budget exceeded)
[Day 3  15:59] idle     — fidget: She takes a sip of tea.
[Day 3  16:01] idle     — (resting — energy budget exceeded)
[Day 3  16:04] idle     — (resting — energy budget exceeded)
[Day 3  16:07] idle     — (resting — energy budget exceeded)
[Day 3  16:10] idle     — (resting — energy budget exceeded)
[Day 3  16:13] idle     — fidget: She glances toward the window.
[Day 3  16:17] idle     — fidget: She holds something up to the light, studying it.
[Day 3  16:19] idle     — fidget: She takes a sip of tea.
[Day 3  16:23] idle     — (resting — energy budget exceeded)
[Day 3  16:25] idle     — (resting — energy budget exceeded)
[Day 3  16:29] idle     — fidget: She glances toward the window.
[Day 3  16:31] idle     — fidget: She picks up something from the shelf and turns it o
[Day 3  16:34] idle     — fidget: She adjusts her glasses.
[Day 3  16:37] idle     — (resting — energy budget exceeded)
[Day 3  16:40] idle     — fidget: She holds something up to the light, studying it.
[Day 3  16:43] idle     — (resting — energy budget exceeded)
[Day 3  16:47] idle     — (resting — energy budget exceeded)
[Day 3  16:50] idle     — (resting — energy budget exceeded)
[Day 3  16:53] idle     — fidget: She turns a page.
[Day 3  16:55] idle     — (resting — energy budget exceeded)
[Day 3  16:59] idle     — (resting — energy budget exceeded)
[Day 3  17:01] idle     — (resting — energy budget exceeded)
[Day 3  17:04] idle     — (resting — energy budget exceeded)
[Day 3  17:07] idle     — (resting — energy budget exceeded)
[Day 3  17:10] idle     — fidget: She takes a sip of tea.
[Day 3  17:13] idle     — (resting — energy budget exceeded)
[Day 3  17:16] idle     — fidget: She adjusts her glasses.
[Day 3  17:19] idle     — (resting — energy budget exceeded)
[Day 3  17:21] idle     — fidget: She holds something up to the light, studying it.
[Day 3  17:24] idle     — (resting — energy budget exceeded)
[Day 3  17:27] idle     — (resting — energy budget exceeded)
[Day 3  17:30] idle     — (resting — energy budget exceeded)
[Day 3  17:33] idle     — fidget: She glances toward the window.
[Day 3  17:35] idle     — (resting — energy budget exceeded)
[Day 3  17:38] idle     — fidget: She turns a page.
[Day 3  17:42] idle     — fidget: She glances toward the window.
[Day 3  17:45] idle     — (resting — energy budget exceeded)
[Day 3  17:49] idle     — fidget: She turns a page.
[Day 3  17:51] idle     — fidget: She holds something up to the light, studying it.
[Day 3  17:54] idle     — (resting — energy budget exceeded)
[Day 3  17:57] idle     — (resting — energy budget exceeded)
[Day 3  18:00] idle     — (resting — energy budget exceeded)
[Day 3  18:04] idle     — fidget: Her fingers trail along the shelf edge.
[Day 3  18:07] idle     — (resting — energy budget exceeded)
[Day 3  18:11] idle     — (resting — energy budget exceeded)
[Day 3  18:14] idle     — fidget: She glances toward the window.
[Day 3  18:16] idle     — (resting — energy budget exceeded)
[Day 3  18:20] idle     — (resting — energy budget exceeded)
[Day 3  18:23] idle     — fidget: She takes a sip of tea.
[Day 3  18:26] idle     — (resting — energy budget exceeded)
[Day 3  18:29] idle     — fidget: She holds something up to the light, studying it.
[Day 3  18:31] idle     — fidget: She turns a page.
[Day 3  18:35] idle     — (resting — energy budget exceeded)
[Day 3  18:38] idle     — (resting — energy budget exceeded)
[Day 3  18:41] idle     — (resting — energy budget exceeded)
[Day 3  18:44] idle     — fidget: She holds something up to the light, studying it.
[Day 3  18:47] idle     — (resting — energy budget exceeded)
[Day 3  18:51] idle     — fidget: She picks up something from the shelf and turns it o
[Day 3  18:54] idle     — fidget: She adjusts her glasses.
[Day 3  18:57] idle     — fidget: She holds something up to the light, studying it.
[Day 3  19:01] idle     — (resting — energy budget exceeded)
[Day 3  19:04] idle     — (resting — energy budget exceeded)
[Day 3  19:08] idle     — fidget: Her fingers trail along the shelf edge.
[Day 3  19:11] idle     — (resting — energy budget exceeded)
[Day 3  19:14] idle     — (resting — energy budget exceeded)
[Day 3  19:18] idle     — fidget: She holds something up to the light, studying it.
[Day 3  19:21] idle     — fidget: She glances toward the window.
[Day 3  19:25] idle     — fidget: She holds something up to the light, studying it.
[Day 3  19:27] idle     — fidget: She turns a page.
[Day 3  19:30] idle     — (resting — energy budget exceeded)
[Day 3  19:33] idle     — (resting — energy budget exceeded)
[Day 3  19:36] idle     — fidget: She adjusts her glasses.
[Day 3  19:38] idle     — fidget: She picks up something from the shelf and turns it o
[Day 3  19:42] idle     — fidget: Her fingers trail along the shelf edge.
[Day 3  19:45] idle     — fidget: She holds something up to the light, studying it.
[Day 3  19:48] idle     — (resting — energy budget exceeded)
[Day 3  19:51] idle     — fidget: She picks up something from the shelf and turns it o
[Day 3  19:54] idle     — (resting — energy budget exceeded)
[Day 3  19:58] idle     — fidget: She turns a page.
[Day 3  20:01] idle     — fidget: She picks up something from the shelf and turns it o
[Day 3  20:04] idle     — fidget: She holds something up to the light, studying it.
[Day 3  20:07] idle     — (resting — energy budget exceeded)
[Day 3  20:10] idle     — (resting — energy budget exceeded)
[Day 3  20:13] idle     — fidget: She adjusts her glasses.
[Day 3  20:17] idle     — fidget: She turns a page.
[Day 3  20:20] idle     — (resting — energy budget exceeded)
[Day 3  20:22] idle     — fidget: She takes a sip of tea.
[Day 3  20:25] idle     — fidget: She glances toward the window.
[Day 3  20:28] idle     — fidget: She turns a page.
[Day 3  20:32] idle     — fidget: She holds something up to the light, studying it.
[Day 3  20:35] idle     — fidget: Her fingers trail along the shelf edge.
[Day 3  20:38] idle     — (resting — energy budget exceeded)
[Day 3  20:42] idle     — fidget: She takes a sip of tea.
[Day 3  20:44] idle     — fidget: She glances toward the window.
[Day 3  20:47] idle     — fidget: She takes a sip of tea.
[Day 3  20:50] idle     — fidget: Her fingers trail along the shelf edge.
[Day 3  20:54] idle     — fidget: She turns a page.
[Day 3  20:57] idle     — (resting — energy budget exceeded)
[Day 3  21:01] idle     — fidget: She picks up something from the shelf and turns it o
[Day 3  21:04] idle     — fidget: She takes a sip of tea.
[Day 3  21:07] idle     — (resting — energy budget exceeded)
[Day 3  21:10] idle     — (resting — energy budget exceeded)
[Day 3  21:13] idle     — (resting — energy budget exceeded)
[Day 3  21:16] idle     — (resting — energy budget exceeded)
[Day 3  21:19] idle     — fidget: Her fingers trail along the shelf edge.
[Day 3  21:22] idle     — (resting — energy budget exceeded)
[Day 3  21:24] idle     — (resting — energy budget exceeded)
[Day 3  21:27] idle     — (resting — energy budget exceeded)
[Day 3  21:29] idle     — (resting — energy budget exceeded)
[Day 3  21:32] idle     — fidget: She picks up something from the shelf and turns it o
[Day 3  21:36] idle     — (resting — energy budget exceeded)
[Day 3  21:39] idle     — (resting — energy budget exceeded)
[Day 3  21:41] idle     — fidget: She glances toward the window.
[Day 3  21:44] idle     — fidget: Her fingers trail along the shelf edge.
[Day 3  21:46] idle     — (resting — energy budget exceeded)
[Day 3  21:50] idle     — fidget: She turns a page.
[Day 3  21:52] idle     — fidget: She takes a sip of tea.
[Day 3  21:55] idle     — fidget: She holds something up to the light, studying it.
[Day 3  21:58] idle     — (resting — energy budget exceeded)
[Day 3  22:01] idle     — (resting — energy budget exceeded)
[Day 3  22:04] idle     — fidget: She takes a sip of tea.
[Day 3  22:07] idle     — fidget: She turns a page.
[Day 3  22:10] idle     — (resting — energy budget exceeded)
[Day 3  22:12] idle     — fidget: She glances toward the window.
[Day 3  22:15] idle     — (resting — energy budget exceeded)
[Day 3  22:18] idle     — (resting — energy budget exceeded)
[Day 3  22:21] idle     — fidget: She adjusts her glasses.
[Day 3  22:24] idle     — (resting — energy budget exceeded)
[Day 3  22:28] idle     — (resting — energy budget exceeded)
[Day 3  22:31] idle     — (resting — energy budget exceeded)
[Day 3  22:33] idle     — fidget: She holds something up to the light, studying it.
[Day 3  22:36] idle     — (resting — energy budget exceeded)
[Day 3  22:39] idle     — (resting — energy budget exceeded)
[Day 3  22:41] idle     — (resting — energy budget exceeded)
[Day 3  22:44] idle     — fidget: She takes a sip of tea.
[Day 3  22:47] idle     — fidget: She adjusts her glasses.
[Day 3  22:50] idle     — (resting — energy budget exceeded)
[Day 3  22:52] idle     — (resting — energy budget exceeded)
[Day 3  22:54] idle     — (resting — energy budget exceeded)
[Day 3  22:58] idle     — fidget: She turns a page.
[Day 3  23:01] idle     — (resting — energy budget exceeded)
[Day 3  23:04] idle     — fidget: She adjusts her glasses.
[Day 3  23:08] idle     — (resting — energy budget exceeded)
[Day 3  23:10] idle     — (resting — energy budget exceeded)
[Day 3  23:13] idle     — fidget: She takes a sip of tea.
[Day 3  23:16] idle     — (resting — energy budget exceeded)
[Day 3  23:19] idle     — fidget: She glances toward the window.
[Day 3  23:22] idle     — (resting — energy budget exceeded)
[Day 3  23:24] idle     — fidget: Her fingers trail along the shelf edge.
[Day 3  23:27] idle     — (resting — energy budget exceeded)
[Day 3  23:31] idle     — (resting — energy budget exceeded)
[Day 3  23:34] idle     — (resting — energy budget exceeded)
[Day 3  23:36] idle     — fidget: She glances toward the window.
[Day 3  23:39] idle     — (resting — energy budget exceeded)
[Day 3  23:42] idle     — fidget: She takes a sip of tea.
[Day 3  23:45] idle     — (resting — energy budget exceeded)
[Day 3  23:48] idle     — fidget: She glances toward the window.
[Day 3  23:51] idle     — fidget: She takes a sip of tea.
[Day 3  23:53] idle     — fidget: She holds something up to the light, studying it.
[Day 3  23:55] idle     — fidget: Her fingers trail along the shelf edge.
[Day 3  23:58] idle     — fidget: She holds something up to the light, studying it.
[Day 3  00:01] idle     — fidget: She glances toward the window.
[Day 3  00:04] idle     — The shop should be closed. I've been sitting here thinking f
[Day 3  00:07] idle     — fidget: She holds something up to the light, studying it.
[Day 3  00:10] idle     — I've been sitting here too long. The lights are still on, bu
[Day 3  00:13] idle     — fidget: She adjusts her glasses.
[Day 3  00:17] idle     — The lights are still on. I should go. But there's something 
[Day 3  00:20] idle     — fidget: She glances toward the window.
[Day 3  00:23] idle     — The lights are off now. I should leave. But there's this pul  [90m"......"[0m
[Day 3  00:26] thread   — Where do I go. I've never... thought about that. I close the  [90m"......"[0m
[Day 3  00:28] idle     — fidget: She picks up something from the shelf and turns it o
[Day 3  00:32] idle     — fidget: Her fingers trail along the shelf edge.
[Day 3  00:35] idle     — Where do I go. I've never... thought about that. I close the  [90m"......"[0m
[Day 3  00:37] idle     — fidget: She picks up something from the shelf and turns it o
[Day 3  00:40] idle     — fidget: She glances toward the window.
[Day 3  00:43] idle     — It's late. I should go. But where? I close the shop and then  [90m"......"[0m
[Day 3  00:45] idle     — The question sits heavier now. I close the shop and... nothi
[Day 3  00:49] idle     — The question sits heavier now. I close the shop and... what?
[Day 3  00:52] idle     — fidget: Her fingers trail along the shelf edge.
[Day 3  00:55] idle     — fidget: She turns a page.
[Day 3  00:58] idle     — The body knows. My hand reaches for the keys without thinkin
[Day 3  01:01] idle     — fidget: Her fingers trail along the shelf edge.
[Day 3  01:04] idle     — fidget: She holds something up to the light, studying it.
[Day 3  01:07] idle     — (habit — reflex, not thought)
[Day 3  01:11] idle     — fidget: She picks up something from the shelf and turns it o
[Day 3  01:14] thread   — The question sits there like a weight I'm not ready to lift.
[Day 3  01:18] idle     — The question sits there. Maybe I should just... go. See what
[Day 3  01:21] idle     — (habit — reflex, not thought)
[Day 3  01:25] idle     — The question keeps circling. Where do I go. But maybe that's  [90m"......"[0m
[Day 3  01:28] idle     — The not-knowing might be the point. I've been holding the qu  [90m"......"[0m
[Day 3  01:31] idle     — (habit — reflex, not thought)
[Day 3  01:34] idle     — Why am I asking where. The question itself feels like... avo  [90m"......"[0m
[Day 3  01:37] idle     — fidget: Her fingers trail along the shelf edge.
[Day 3  01:41] idle     — The shop should be closed. I've been sitting here long enoug
[Day 3  01:44] idle     — (habit — reflex, not thought)
[Day 3  01:47] idle     — The question loops because I don't want the answer. Or I alr  [90m"......"[0m
[Day 3  01:50] idle     — fidget: She picks up something from the shelf and turns it o
[Day 3  01:52] idle     — The question loops because I don't want the answer. Or I do,  [90m"......"[0m
[Day 3  01:55] idle     — fidget: She turns a page.
[Day 3  01:58] idle     — fidget: She holds something up to the light, studying it.
[Day 3  02:01] thread   — (habit — reflex, not thought)
[Day 3  02:04] idle     — Still carrying this. The question sits heavy — not uncomfort
[Day 3  02:07] idle     — The shop is already closed. I'm just... sitting here. The qu  [90m"......"[0m
[Day 3  02:10] idle     — (habit — reflex, not thought)
[Day 3  02:13] idle     — The question keeps shifting. Not where, but why. Why I'm sti  [90m"......"[0m
[Day 3  02:16] idle     — The question keeps twisting. I'm not staying because I need   [90m"......"[0m
[Day 3  02:19] idle     — fidget: Her fingers trail along the shelf edge.
[Day 3  02:22] idle     — fidget: She picks up something from the shelf and turns it o
[Day 3  02:25] idle     — (habit — reflex, not thought)
[Day 3  02:28] idle     — The question sits different now. Not where I go — what ancho  [90m"......"[0m
[Day 3  02:32] idle     — fidget: She takes a sip of tea.
[Day 3  02:34] idle     — fidget: She holds something up to the light, studying it.
[Day 3  02:36] idle     — fidget: She adjusts her glasses.
[Day 3  02:40] idle     — The question sits different now. Not where I go — what I ret
[Day 3  02:43] idle     — fidget: She turns a page.
[Day 3  02:46] idle     — fidget: She adjusts her glasses.
[Day 3  02:49] thread   — (habit — reflex, not thought)
[Day 3  02:51] idle     — fidget: She turns a page.
[Day 3  02:54] idle     — The question sits unfinished. Not where I go — it's... what?  [90m"......"[0m
[Day 3  02:57] idle     — fidget: She takes a sip of tea.
[Day 3  03:00] SLEEP    — 0 moments consolidated
[Day 3  06:00] WAKE     — new day begins
[Day 3  06:00] thread   — The shop as... what? A shell I step out of? No. It's more li  [90m"......"[0m
[Day 3  06:03] idle     — fidget: She picks up something from the shelf and turns it o
[Day 3  06:06] idle     — fidget: She glances toward the window.
[Day 3  06:09] idle     — The morning light's angle is different now. Later than I tho
[Day 3  06:12] idle     — fidget: She takes a sip of tea.
[Day 3  06:15] idle     — fidget: She turns a page.
[Day 3  06:17] idle     — fidget: She glances toward the window.
[Day 3  06:20] idle     — The light's moving across the floor. Different from yesterda  [90m"......"[0m
[Day 3  06:23] idle     — fidget: She picks up something from the shelf and turns it o
[Day 3  06:26] idle     — fidget: She holds something up to the light, studying it.
[Day 3  06:28] idle     — fidget: She takes a sip of tea.
[Day 3  06:31] idle     — The light's different now. Warmer. I was thinking about leav  [90m"......"[0m
[Day 3  06:34] idle     — The light keeps changing. I was thinking about where I go wh  [90m"......"[0m
[Day 3  06:36] idle     — The light keeps changing. I was thinking about where I go wh  [90m"......"[0m
[Day 3  06:39] idle     — fidget: She picks up something from the shelf and turns it o
[Day 3  06:41] idle     — The light keeps shifting. I was following a thought about st  [90m"......"[0m
[Day 3  06:44] idle     — The light is different now. Softer. I was following somethin  [90m"......"[0m
[Day 3  06:47] thread   — I was trying to hold something. About frequency. About the s  [90m"......"[0m
[Day 3  06:49] idle     — The light's different now. Later. I was reaching for somethi  [90m"......"[0m
[Day 3  06:53] idle     — The light's changing already. Later than I thought. That thr  [90m"......"[0m
[Day 3  06:56] idle     — The light's getting warmer. I keep sitting here. Maybe I sho  [90m"......"[0m

=== Simulation Complete ===
  Total cycles: 1257
  Days simulated: 3
  Journal entries: 13
  Cycle log entries: 649
  DB path: data/sim/sim_20260216_070000_d5fc0aab.db
  Log path: data/sim/timeline_20260216_070000_d5fc0aab.log

