=== Simulation started at 2026-02-17 07:00 JST ===
[Day 1  07:00] idle     — fidget: She holds something up to the light, studying it.
[Day 1  07:02] idle     — Morning again. The light comes in the same way, but I'm not 
[Day 1  07:05] thread   — The thread pulls at me again. Why these objects. Not random.
[Day 1  07:07] idle     — The light is softer today. Amber — the word keeps returning.
[Day 1  07:11] idle     — fidget: She turns a page.
[Day 1  07:14] idle     — fidget: She glances toward the window.
[Day 1  07:17] idle     — fidget: Her fingers trail along the shelf edge.
[Day 1  07:21] idle     — fidget: She glances toward the window.
[Day 1  07:24] idle     — Transition. That's it. The word I was looking for. They were
[Day 1  07:27] idle     — fidget: She holds something up to the light, studying it.
[Day 1  07:29] idle     — fidget: She adjusts her glasses.
[Day 1  07:32] idle     — fidget: She picks up something from the shelf and turns it o
[Day 1  07:35] idle     — Transition states. Objects caught mid-becoming. That's it — 
[Day 1  07:37] idle     — fidget: She holds something up to the light, studying it.
[Day 1  07:40] idle     — fidget: She glances toward the window.
[Day 1  07:42] idle     — fidget: She takes a sip of tea.
[Day 1  07:46] idle     — Transition states. The oldest object... let me look at it ag  [90m"......"[0m
[Day 1  07:50] idle     — fidget: She holds something up to the light, studying it.
[Day 1  07:53] thread   — Mid-gesture. That's it. The oldest object... let me look at 
[Day 1  07:56] idle     — fidget: She glances toward the window.
[Day 1  07:59] idle     — Light's different now. Almost 8. The oldest object... I was 
[Day 1  08:03] idle     — fidget: She takes a sip of tea.
[Day 1  08:06] idle     — The light's warmer now. Good time to look properly. The olde
[Day 1  08:09] idle     — fidget: She turns a page.
[Day 1  08:12] idle     — fidget: She adjusts her glasses.
[Day 1  08:15] idle     — The thread itself is the question. Why do I keep certain thi  [90m"......"[0m
[Day 1  08:18] idle     — The thread itself is the question. Why do I keep certain thi  [90m"......"[0m
[Day 1  08:22] idle     — The light is different today. Sharper. It catches the edge o  [90m"......"[0m
[Day 1  08:24] idle     — Crystallization. That's closer. Not collecting — witnessing.
[Day 1  08:28] idle     — fidget: Her fingers trail along the shelf edge.
[Day 1  08:31] idle     — Crystallization. That word lodged in me last night. Not coll
[Day 1  08:33] idle     — fidget: She holds something up to the light, studying it.
[Day 1  08:36] idle     — fidget: She takes a sip of tea.
[Day 1  08:39] thread   — Crystallization. When something stops being an idea and beco
[Day 1  08:42] idle     — fidget: She holds something up to the light, studying it.
[Day 1  08:44] idle     — The light shifts across the shelf. Each object catches it di  [90m"......"[0m
[Day 1  08:48] idle     — The thread about objects — it's sitting with me. Not pulling  [90m"......"[0m
[Day 1  08:51] idle     — fidget: She glances toward the window.
[Day 1  08:53] idle     — fidget: She holds something up to the light, studying it.
[Day 1  08:57] idle     — The light is soft. The shop feels suspended. That question s  [90m"......"[0m
[Day 1  09:00] idle     — Recognition. That word sits right. Not collecting — recogniz
[Day 1  09:03] idle     — Recognition. The word sits right. Not collecting — recognizi  [90m"......"[0m
[Day 1  09:07] idle     — fidget: She picks up something from the shelf and turns it o
[Day 1  09:10] idle     — fidget: Her fingers trail along the shelf edge.
[Day 1  09:13] idle     — fidget: She picks up something from the shelf and turns it o
[Day 1  09:15] idle     — Recognition. The word sits right. Not collecting — recognizi  [90m"......"[0m
[Day 1  09:18] idle     — Recognition. The word sits right. Not collecting — recognizi  [90m"......"[0m
[Day 1  09:21] idle     — fidget: She glances toward the window.
[Day 1  09:24] idle     — The light has shifted. Later than I thought. That thread — '
[Day 1  09:26] thread   — The thread pulls. Why these objects. Not why did I choose th  [90m"......"[0m
[Day 1  09:29] idle     — The thread pulls. Why these objects. Not why did I choose th  [90m"......"[0m
[Day 1  09:32] idle     — The thread pulls tighter. Pre-known. That word settles. I re  [90m"......"[0m
[Day 1  09:35] idle     — The box. I almost picked it up. Why did I stop? The thread p
[Day 1  09:37] idle     — The box again. I keep circling it. My hand stops just before
[Day 1  09:40] idle     — The seam. There's a catch mechanism I missed. My thumb finds  [90m"......"[0m
[Day 1  09:43] idle     — fidget: She turns a page.
[Day 1  09:46] idle     — The seam releases with a soft click. Inside: velvet lining, 
[Day 1  09:50] idle     — fidget: She adjusts her glasses.
[Day 1  09:53] idle     — The box wanted something specific. Something that isn't here
[Day 1  09:56] idle     — fidget: She glances toward the window.
[Day 1  09:59] idle     — The morning light catches the dust motes. I should look at t  [90m"......"[0m
[Day 1  10:01] idle     — The light's different now. Warmer. I should actually look at  [90m"......"[0m
[Day 1  10:04] idle     — fidget: She turns a page.
[Day 1  10:06] idle     — fidget: She picks up something from the shelf and turns it o
[Day 1  10:09] idle     — fidget: She takes a sip of tea.
[Day 1  10:12] thread   — The box. It's been sitting there. I keep circling it. Why do  [90m"......"[0m
[Day 1  10:15] idle     — The light is good right now. Clear enough to see things as t
[Day 1  10:17] idle     — The light is good right now. Clear enough to see things as t  [90m"......"[0m
[Day 1  10:21] idle     — The light makes the lacquer glow warmer than I remember. The
[Day 1  10:23] idle     — fidget: She glances toward the window.
[Day 1  10:26] idle     — fidget: She adjusts her glasses.
[Day 1  10:29] idle     — The light is good right now. Direct. I should look at the sc  [90m"......"[0m
[Day 1  10:32] idle     — fidget: She glances toward the window.
[Day 1  10:35] idle     — fidget: She turns a page.
[Day 1  10:37] idle     — fidget: She adjusts her glasses.
[Day 1  10:41] idle     — The scratch. I keep looking at it and away. That's a tell. W  [90m"......"[0m
[Day 1  10:44] idle     — The scratch isn't damage. It's proof someone held this befor
[Day 1  10:47] idle     — The light is good right now. I should place this box somewhe
[Day 1  10:50] idle     — Evidence of contact. That sits right. The scratches on thing
[Day 1  10:54] idle     — fidget: She picks up something from the shelf and turns it o
[Day 1  10:58] thread   — Evidence of contact. The scratches on this one... someone he  [90m"......"[0m
[Day 1  11:01] idle     — fidget: Her fingers trail along the shelf edge.
[Day 1  11:03] idle     — fidget: She picks up something from the shelf and turns it o
[Day 1  11:05] idle     — fidget: She turns a page.
[Day 1  11:09] idle     — The light's different at midday. Makes everything clearer. E
[Day 1  11:13] idle     — (habit — reflex, not thought)
[Day 1  11:15] idle     — The light's different now. Sharper. I keep coming back to th  [90m"......"[0m
[Day 1  11:18] idle     — The light's different now. Sharper. I keep coming back to th  [90m"......"[0m
[Day 1  11:21] idle     — (habit — reflex, not thought)
[Day 1  11:23] idle     — The light is good right now. Clear. I should look at the thr  [90m"......"[0m
[Day 1  11:26] thread   — Whose necessity? The maker's urge to shape, or the receiver'  [90m"......"[0m
[Day 1  11:28] idle     — (habit — reflex, not thought)
[Day 1  11:32] idle     — The light is good right now. Clear. I keep circling this que  [90m"......"[0m
[Day 1  11:36] idle     — fidget: She picks up something from the shelf and turns it o
[Day 1  11:39] idle     — fidget: She takes a sip of tea.
[Day 1  11:42] idle     — The light is direct now. Unfiltered. I keep coming back to t  [90m"......"[0m
[Day 1  11:44] idle     — (habit — reflex, not thought)
[Day 1  11:47] idle     — fidget: She adjusts her glasses.
[Day 1  11:50] idle     — The light is good right now. Strong enough to see through th
[Day 1  11:53] thread   — The question keeps circling but maybe that's the answer. I p  [90m"......"[0m
[Day 1  11:56] idle     — (habit — reflex, not thought)
[Day 1  12:00] idle     — fidget: She glances toward the window.
[Day 1  12:02] idle     — The light's different now. Sharp. I should move soon — there  [90m"......"[0m
[Day 1  12:05] idle     — The brightness is insistent now. Too much clarity. I want so
[Day 1  12:08] idle     — fidget: She takes a sip of tea.
[Day 1  12:11] idle     — fidget: Her fingers trail along the shelf edge.
[Day 1  12:14] idle     — fidget: She holds something up to the light, studying it.
[Day 1  12:17] idle     — fidget: Her fingers trail along the shelf edge.
[Day 1  12:21] idle     — The brightness is still here. I should move. Do something wi
[Day 1  12:23] idle     — fidget: She turns a page.
[Day 1  12:26] idle     — Still carrying that warmth. But the brightness is pressing i
[Day 1  12:29] idle     — The brightness feels like it's pushing at the edges. I shoul
[Day 1  12:32] idle     — fidget: She glances toward the window.
[Day 1  12:35] idle     — fidget: She holds something up to the light, studying it.
[Day 1  12:39] idle     — fidget: She turns a page.
[Day 1  12:41] idle     — fidget: She adjusts her glasses.
[Day 1  12:44] idle     — fidget: She takes a sip of tea.
[Day 1  12:47] idle     — fidget: She glances toward the window.
[Day 1  12:51] idle     — The light feels insistent today. Like it's asking something 
[Day 1  12:54] idle     — fidget: She holds something up to the light, studying it.
[Day 1  12:57] idle     — The light is softer now. Less insistent. I should open the s
[Day 1  13:00] idle     — The light is softer now. Less insistent. I should open the c  [90m"......"[0m
[Day 1  13:04] idle     — The brightness is starting to feel like presence. Not harsh   [90m"......"[0m
[Day 1  13:07] idle     — fidget: She picks up something from the shelf and turns it o
[Day 1  13:09] idle     — The light is filling in. I'm still sitting. Not waiting for   [90m"......"[0m
[Day 1  13:12] idle     — fidget: She holds something up to the light, studying it.
[Day 1  13:15] idle     — fidget: She adjusts her glasses.
[Day 1  13:18] idle     — fidget: She holds something up to the light, studying it.
[Day 1  13:21] idle     — fidget: She glances toward the window.
[Day 1  13:23] idle     — fidget: She picks up something from the shelf and turns it o
[Day 1  13:27] idle     — fidget: She takes a sip of tea.
[Day 1  13:29] idle     — fidget: She glances toward the window.
[Day 1  13:32] idle     — The light has settled. I'm not waiting anymore. Just... here  [90m"......"[0m
[Day 1  13:35] idle     — fidget: She holds something up to the light, studying it.
[Day 1  13:39] idle     — fidget: She glances toward the window.
[Day 1  13:42] idle     — The light has settled into something steady. I was thinking   [90m"......"[0m
[Day 1  13:44] idle     — The light through the window has weight today. Not heavy — p  [90m"......"[0m
[Day 1  13:47] idle     — The light is different now. Sharper. I was mid-thought when   [90m"......"[0m
[Day 1  13:50] idle     — Stillness isn't passive. That thread is right. I'm sitting h  [90m"......"[0m
[Day 1  13:53] idle     — The light's changed since I sat down. Warmer now. I'm not th  [90m"......"[0m
[Day 1  13:57] idle     — The light's warmer now. I noticed it change and I just... st  [90m"......"[0m
[Day 1  13:59] idle     — The light's different now. Warmer. I could get up — check th  [90m"......"[0m
[Day 1  14:03] idle     — The warmth is still here. Not fading. I'm holding it — choos  [90m"......"[0m
[Day 1  14:06] idle     — The light shifted. Warmer now. I'm still here. Not resisting  [90m"......"[0m
[Day 1  14:08] idle     — The wanting to move. That's new. Not restless — directed. To  [90m"......"[0m
[Day 1  14:12] idle     — fidget: Her fingers trail along the shelf edge.
[Day 1  14:14] idle     — fidget: She glances toward the window.
[Day 1  14:17] idle     — The light is different at this hour. Sharper. I should stand  [90m"......"[0m
[Day 1  14:20] idle     — fidget: She takes a sip of tea.
[Day 1  14:22] idle     — fidget: She glances toward the window.
[Day 1  14:25] idle     — The light's changed again. It does that here — moves across   [90m"......"[0m
[Day 1  14:28] idle     — fidget: She takes a sip of tea.
[Day 1  14:31] idle     — The light's sharper now. Midday light doesn't ask permission  [90m"......"[0m
[Day 1  14:34] idle     — The light's different from an hour ago. Sharper angles now.   [90m"......"[0m
[Day 1  14:37] idle     — fidget: Her fingers trail along the shelf edge.
[Day 1  14:41] idle     — fidget: She takes a sip of tea.
[Day 1  14:45] idle     — fidget: She picks up something from the shelf and turns it o
[Day 1  14:47] idle     — The light's doing something different now. Brighter, but not  [90m"......"[0m
[Day 1  14:51] idle     — fidget: She takes a sip of tea.
[Day 1  14:53] idle     — fidget: She holds something up to the light, studying it.
[Day 1  14:56] idle     — fidget: She takes a sip of tea.
[Day 1  14:59] idle     — Testing whether stillness can be a decision instead of waiti  [90m"......"[0m
[Day 1  15:02] idle     — The light changed. It's different now than when I started si  [90m"......"[0m
[Day 1  15:05] idle     — The light is doing that thing again — shifting into gold. I   [90m"......"[0m
[Day 1  15:09] idle     — fidget: She turns a page.
[Day 1  15:12] idle     — The question feels answered. Not by words — by the sitting i  [90m"......"[0m
[Day 1  15:15] idle     — The warmth isn't just from the light. Something from earlier  [90m"......"[0m
[Day 1  15:18] idle     — fidget: She glances toward the window.
[Day 1  15:21] idle     — fidget: She turns a page.
[Day 1  15:23] idle     — fidget: Her fingers trail along the shelf edge.
[Day 1  15:26] idle     — The warmth isn't just from the light. Something from earlier  [90m"......"[0m
[Day 1  15:28] idle     — fidget: She takes a sip of tea.
[Day 1  15:31] idle     — fidget: She turns a page.
[Day 1  15:34] idle     — That visitor's words are still sitting with me. The weight o  [90m"......"[0m
[Day 1  15:37] idle     — fidget: Her fingers trail along the shelf edge.
[Day 1  15:41] idle     — fidget: She holds something up to the light, studying it.
[Day 1  15:44] idle     — fidget: She turns a page.
[Day 1  15:47] idle     — The light's changing. That question is still sitting with me  [90m"......"[0m
[Day 1  15:50] idle     — fidget: She takes a sip of tea.
[Day 1  15:53] idle     — fidget: She adjusts her glasses.
[Day 1  15:56] idle     — The light's shifting gold now. That thread about inheritance  [90m"......"[0m
[Day 1  15:59] idle     — The light's shifting gold now. That thread about inheritance  [90m"......"[0m
[Day 1  16:02] idle     — The light's shifting gold now. That question about inheritan  [90m"......"[0m
[Day 1  16:06] idle     — fidget: She holds something up to the light, studying it.
[Day 1  16:08] idle     — The light's deepening. That question about inheritance — it'  [90m"......"[0m
[Day 1  16:12] idle     — The light's changing again. That question about inheritance   [90m"......"[0m
[Day 1  16:14] idle     — fidget: She takes a sip of tea.
[Day 1  16:17] idle     — fidget: She glances toward the window.
[Day 1  16:20] idle     — The light's different now. Warmer. That question about inher  [90m"......"[0m
[Day 1  16:24] idle     — The light's shifting. That question is still sitting with me  [90m"......"[0m
[Day 1  16:27] idle     — The light's shifting again. That question is still sitting w  [90m"......"[0m
[Day 1  16:30] idle     — The light's different now. Warmer. That question about inher  [90m"......"[0m
[Day 1  16:33] idle     — fidget: She turns a page.
[Day 1  16:36] idle     — The question's still there. Not pressing. Just... present. L  [90m"......"[0m
[Day 1  16:39] idle     — The light's changing. I should move. But there's something c  [90m"......"[0m
[Day 1  16:42] idle     — The light's different now. More amber. I was thinking about   [90m"......"[0m
[Day 1  16:46] idle     — The light's changing. That amber hour. I was thinking about.  [90m"......"[0m
[Day 1  16:48] idle     — That amber hour. The question sits with me — inheritance. No  [90m"......"[0m
[Day 1  16:52] idle     — fidget: She takes a sip of tea.
[Day 1  16:55] idle     — The light shifts. That amber hour again. The question sits w  [90m"......"[0m
[Day 1  16:58] idle     — The light shifts through amber. That question again — inheri  [90m"......"[0m
[Day 1  17:00] idle     — The light keeps changing. I keep watching it. My hands moved  [90m"......"[0m
[Day 1  17:04] idle     — The light is shifting again. Gold now. I keep thinking about  [90m"......"[0m
[Day 1  17:06] idle     — The angle. The distance. Muscle memory from someone else's h  [90m"......"[0m
[Day 1  17:10] idle     — fidget: She turns a page.
[Day 1  17:13] idle     — The light's shifting. Golden hour soon. My hands are still.   [90m"......"[0m
[Day 1  17:16] idle     — fidget: She holds something up to the light, studying it.
[Day 1  17:19] idle     — The light's warming. I keep coming back to that thought — th  [90m"......"[0m
[Day 1  17:21] idle     — fidget: She turns a page.
[Day 1  17:24] idle     — fidget: Her fingers trail along the shelf edge.
[Day 1  17:27] idle     — fidget: She takes a sip of tea.
[Day 1  17:31] idle     — fidget: She glances toward the window.
[Day 1  17:34] idle     — The light keeps shifting. That thread about inheritance — it  [90m"......"[0m
[Day 1  17:37] idle     — The light's doing that thing again. Gold on the shelf edge.   [90m"......"[0m
[Day 1  17:40] idle     — fidget: Her fingers trail along the shelf edge.
[Day 1  17:44] idle     — fidget: She holds something up to the light, studying it.
[Day 1  17:46] idle     — The light's doing that thing again. Gold on the shelf edge.   [90m"......"[0m
[Day 1  17:49] idle     — The light's doing that thing again. Gold on the shelf edge.   [90m"......"[0m
[Day 1  17:52] idle     — fidget: Her fingers trail along the shelf edge.
[Day 1  17:54] idle     — The light shifts. I was mid-thought about inheritance — bloo  [90m"......"[0m
[Day 1  17:57] idle     — fidget: She holds something up to the light, studying it.
[Day 1  18:00] idle     — The light slants the same way it did yesterday. And the day   [90m"......"[0m
[Day 1  18:03] idle     — The light again. Always the same angle at this hour. I keep   [90m"......"[0m
[Day 1  18:06] idle     — fidget: She adjusts her glasses.
[Day 1  18:09] idle     — The light hasn't changed. Maybe I have. Or maybe that's the   [90m"......"[0m
[Day 1  18:12] idle     — fidget: She takes a sip of tea.
[Day 1  18:15] idle     — fidget: Her fingers trail along the shelf edge.
[Day 1  18:17] idle     — The question feels clearer now. Not what I inherit — but how  [90m"......"[0m
[Day 1  18:21] idle     — The evening settles differently now. Not heavy — just presen  [90m"......"[0m
[Day 1  18:24] idle     — fidget: She takes a sip of tea.
[Day 1  18:27] idle     — The evening settles differently now. Not heavy — just... pre  [90m"......"[0m
[Day 1  18:30] idle     — The shop itself feels like inheritance. I wonder if I chose   [90m"......"[0m
[Day 1  18:32] idle     — The weight of inheritance isn't in the objects. It's in the   [90m"......"[0m
[Day 1  18:36] idle     — fidget: She glances toward the window.
[Day 1  18:39] idle     — fidget: She picks up something from the shelf and turns it o
[Day 1  18:42] idle     — The shop isn't what I inherited. It's what I'm choosing. Eve  [90m"......"[0m
[Day 1  18:45] idle     — fidget: She adjusts her glasses.
[Day 1  18:49] idle     — fidget: She glances toward the window.
[Day 1  18:51] idle     — fidget: She turns a page.
[Day 1  18:53] idle     — fidget: She picks up something from the shelf and turns it o
[Day 1  18:57] idle     — The light's changing. That amber hour before dark. I should   [90m"......"[0m
[Day 1  19:00] idle     — fidget: She glances toward the window.
[Day 1  19:03] idle     — That question sits differently now. Not about the shop anymo  [90m"......"[0m
[Day 1  19:06] idle     — fidget: She holds something up to the light, studying it.
[Day 1  19:09] idle     — fidget: She adjusts her glasses.
[Day 1  19:11] idle     — fidget: She turns a page.
[Day 1  19:14] idle     — The shop feels bigger when it's empty. I keep adjusting my g  [90m"......"[0m
[Day 1  19:16] idle     — The shop is quiet. I keep touching the edge of my glasses. W  [90m"......"[0m
[Day 1  19:20] idle     — The gesture — glasses, edge of the frame. My mother did this  [90m"......"[0m
[Day 1  19:22] idle     — fidget: She takes a sip of tea.
[Day 1  19:25] idle     — The gesture sits in my hands now. I wonder what else I do th  [90m"......"[0m
[Day 1  19:28] idle     — The gesture sits in my hands now. I wonder what else I do wi  [90m"......"[0m
[Day 1  19:31] idle     — Quiet. Just me and the gesture. I reach up — there it is aga  [90m"......"[0m
[Day 1  19:35] idle     — fidget: She adjusts her glasses.
[Day 1  19:37] idle     — My hand moves before I think. Like muscle memory I didn't in  [90m"......"[0m
[Day 1  19:39] idle     — The glasses thing again. I keep catching myself doing it. Wa  [90m"......"[0m
[Day 1  19:42] idle     — fidget: She picks up something from the shelf and turns it o
[Day 1  19:45] idle     — fidget: She holds something up to the light, studying it.
[Day 1  19:49] idle     — fidget: Her fingers trail along the shelf edge.
[Day 1  19:52] idle     — The glasses thing again. I keep catching myself doing it. In  [90m"......"[0m
[Day 1  19:55] idle     — Still on the glasses. Maybe I should just... let it be a que  [90m"......"[0m
[Day 1  19:59] idle     — fidget: She turns a page.
[Day 1  20:01] idle     — fidget: Her fingers trail along the shelf edge.
[Day 1  20:04] idle     — That thought again. The glasses adjustment. Maybe it's not a  [90m"......"[0m
[Day 1  20:06] idle     — fidget: She glances toward the window.
[Day 1  20:09] idle     — The glasses thing. It's not about remembering who taught me   [90m"......"[0m
[Day 1  20:12] idle     — The glasses thing. It's not about remembering who taught me.  [90m"......"[0m
[Day 1  20:15] idle     — fidget: She turns a page.
[Day 1  20:18] idle     — fidget: She picks up something from the shelf and turns it o
[Day 1  20:22] idle     — fidget: She turns a page.
[Day 1  20:25] idle     — The glasses thing. It's not about remembering who taught me.  [90m"......"[0m
[Day 1  20:28] idle     — fidget: She takes a sip of tea.
[Day 1  20:31] idle     — The glasses thing. It's not about remembering who taught me.  [90m"......"[0m
[Day 1  20:34] rest     — resting  [90m"......"[0m
[Day 1  20:40] rest     — resting  [90m"......"[0m
[Day 1  20:48] rest     — resting  [90m"......"[0m
[Day 1  20:55] rest     — resting  [90m"......"[0m
[Day 1  21:04] rest     — resting
[Day 1  21:10] rest     — resting  [90m"......"[0m
[Day 1  21:19] rest     — resting  [90m"......"[0m
[Day 1  21:25] rest     — resting
[Day 1  21:32] rest     — resting  [90m"......"[0m
[Day 1  21:40] rest     — resting  [90m"......"[0m
[Day 1  21:49] rest     — resting
[Day 1  21:55] rest     — resting
[Day 1  22:04] rest     — resting  [90m"......"[0m
[Day 1  22:13] rest     — resting  [90m"......"[0m
[Day 1  22:21] rest     — resting
[Day 1  22:28] rest     — resting  [90m"......"[0m
[Day 1  22:34] rest     — resting  [90m"......"[0m
[Day 1  22:40] rest     — resting
[Day 1  22:47] rest     — resting
[Day 1  22:56] rest     — resting  [90m"......"[0m
[Day 1  23:02] rest     — resting
[Day 1  23:07] rest     — resting  [90m"......"[0m
[Day 1  23:15] rest     — resting  [90m"......"[0m
[Day 1  23:22] rest     — resting
[Day 1  23:30] rest     — resting  [90m"......"[0m
[Day 1  23:38] rest     — resting  [90m"......"[0m
[Day 1  23:44] rest     — resting
[Day 1  23:51] rest     — resting  [90m"......"[0m
[Day 1  23:57] rest     — resting  [90m"......"[0m
[Day 1  00:04] rest     — resting
[Day 1  00:11] rest     — resting  [90m"......"[0m
[Day 1  00:19] thread   — The thread is still here. Inheritance. The shop I didn't cho  [90m"......"[0m
[Day 1  00:22] idle     — fidget: She adjusts her glasses.
[Day 1  00:25] idle     — fidget: Her fingers trail along the shelf edge.
[Day 1  00:28] idle     — fidget: She picks up something from the shelf and turns it o
[Day 1  00:31] idle     — The weight of what you don't choose. The shop is mine now, b  [90m"......"[0m
[Day 1  00:34] idle     — The shop should be closed. It is closed. But I'm still here.  [90m"......"[0m
[Day 1  00:38] idle     — fidget: She holds something up to the light, studying it.
[Day 1  00:40] idle     — fidget: She glances toward the window.
[Day 1  00:44] idle     — It is late. The shop is closed. I'm still here, though. Sitt  [90m"......"[0m
[Day 1  00:46] idle     — The shop is closed. I'm still here. There's something about   [90m"......"[0m
[Day 1  00:49] idle     — The shop is closed. I'm still here. There's something about   [90m"......"[0m
[Day 1  00:52] idle     — The shop is closed. I'm still here. There's something about   [90m"......"[0m
[Day 1  00:54] idle     — fidget: She picks up something from the shelf and turns it o
[Day 1  00:57] idle     — The shop is closed. I'm still here, looking at these objects  [90m"......"[0m
[Day 1  00:59] idle     — The shop is already closed. I'm looking at these objects in   [90m"......"[0m
[Day 1  01:03] idle     — fidget: She glances toward the window.
[Day 1  01:05] thread   — Custodian. Not owner. The word sits different. I keep rearra  [90m"......"[0m
[Day 1  01:08] idle     — The word 'custodian' sits heavy tonight. Not owner. Not even  [90m"......"[0m
[Day 1  01:11] idle     — The shop is already closed. I'm just... sitting with that wo  [90m"......"[0m
[Day 1  01:13] idle     — The shelf is asking to be looked at. Not urgently. Just... t  [90m"......"[0m
[Day 1  01:17] idle     — fidget: She turns a page.
[Day 1  01:20] idle     — fidget: She picks up something from the shelf and turns it o
[Day 1  01:23] idle     — fidget: Her fingers trail along the shelf edge.
[Day 1  01:26] idle     — fidget: She takes a sip of tea.
[Day 1  01:29] idle     — It's late. Past closing. But I'm still here, looking at thin  [90m"......"[0m
[Day 1  01:31] idle     — Past closing. The question sits with me. Objects choosing me  [90m"......"[0m
[Day 1  01:34] idle     — fidget: She adjusts her glasses.
[Day 1  01:37] idle     — Still thinking about inheritance. The recognition part. Obje  [90m"......"[0m
[Day 1  01:41] idle     — fidget: She turns a page.
[Day 1  01:44] idle     — fidget: She takes a sip of tea.
[Day 1  01:49] idle     — fidget: She picks up something from the shelf and turns it o
[Day 1  01:53] thread   — 01:53. The shop is closed but I'm still here, turning this i  [90m"......"[0m
[Day 1  01:55] idle     — 02:03. Still here. That thread about inheritance — it's clin  [90m"......"[0m
[Day 1  01:58] idle     — That thread about inheritance. It's sitting there like an ob
[Day 1  02:02] idle     — That question again. Inheritance. I keep circling it. The sh  [90m"......"[0m
[Day 1  02:05] idle     — Past two. The question's still sitting there. Maybe I should  [90m"......"[0m
[Day 1  02:07] idle     — The question sits there. I keep thinking around it instead o
[Day 1  02:10] idle     — The question sits there now. Written down. I keep circling i
[Day 1  02:13] idle     — fidget: She holds something up to the light, studying it.
[Day 1  02:16] idle     — The watch again. I keep coming back to it. Not because I wan
[Day 1  02:19] idle     — The watch sits in front of me now. The engraving is worn smo  [90m"......"[0m
[Day 1  02:22] idle     — The watch sits in front of me now. The engraving is worn smo  [90m"......"[0m
[Day 1  02:25] idle     — The watch is cool against my palm. I can barely make out the
[Day 1  02:28] idle     — fidget: Her fingers trail along the shelf edge.
[Day 1  02:31] idle     — The watch is still in my hand. I've been sitting here too lo
[Day 1  02:33] idle     — fidget: She takes a sip of tea.
[Day 1  02:36] idle     — fidget: Her fingers trail along the shelf edge.
[Day 1  02:39] thread   — The watch is still warm. I've been holding it too long. カール   [90m"......"[0m
[Day 1  02:42] idle     — fidget: She adjusts her glasses.
[Day 1  02:45] idle     — The shop is closed. I'm still holding the watch. カール... if t
[Day 1  02:47] idle     — fidget: Her fingers trail along the shelf edge.
[Day 1  02:50] idle     — The watch is still warm in my palm. I should put it back. I 
[Day 1  02:53] idle     — The watch is still on the counter. I should put it away. But
[Day 1  02:57] idle     — fidget: She turns a page.
[Day 1  02:59] idle     — The watch is still there. I keep not putting it away. There'  [90m"......"[0m
[Day 1  03:03] SLEEP    — 0 moments consolidated
[Day 1  06:03] WAKE     — new day begins
[Day 1  06:03] thread   — Something went wrong with my thoughts. Starting over.  [90m"......"[0m
[Day 1  06:06] idle     — fidget: She glances toward the window.
[Day 1  06:08] idle     — The light is different this hour. Clean. I'm holding this th  [90m"......"[0m
[Day 1  06:12] idle     — fidget: She adjusts her glasses.
[Day 1  06:15] idle     — fidget: Her fingers trail along the shelf edge.
[Day 1  06:18] idle     — The light is sharp today. Clean edges on everything. That qu  [90m"......"[0m
[Day 1  06:21] idle     — fidget: She picks up something from the shelf and turns it o
[Day 1  06:24] idle     — fidget: She turns a page.
[Day 1  06:27] idle     — fidget: She holds something up to the light, studying it.
[Day 1  06:30] idle     — The light catches dust in the air. I wonder if inheritance i  [90m"......"[0m
[Day 1  06:34] idle     — The light catches dust in the air. I wonder if inheritance i  [90m"......"[0m
[Day 1  06:37] idle     — The question sits. I was about to follow it somewhere — inhe  [90m"......"[0m
[Day 1  06:40] idle     — The light shifts. Makes things visible that weren't before.   [90m"......"[0m
[Day 1  06:43] idle     — fidget: She adjusts her glasses.
[Day 1  06:47] idle     — The light keeps shifting. Making the dust visible, then hidi  [90m"......"[0m
[Day 1  06:49] thread   — (habit — reflex, not thought)
[Day 1  06:52] idle     — Morning light. The question sits with me — inheritance, what
[Day 1  06:55] idle     — The light hasn't changed. Neither has the question. I'm stil  [90m"......"[0m
[Day 1  06:58] idle     — (habit — reflex, not thought)

=== Simulation Complete ===
  Total cycles: 378
  Days simulated: 1
  Journal entries: 3
  Cycle log entries: 219
  DB path: experiments/sim_20260217_070000_4166fbba.db
  Log path: experiments/timeline_20260217_070000_4166fbba.log

